connected to L-AI419547:undefined

Sent
  type:0x12(PRELOGIN), status:0x01(EOM), length:0x002F, spid:0x0000, packetId:0x01, window:0x00
  0000  00001A00 06010020 00010200 21000103 00220004 04002600 01FF0000 00010001  ....... ....!... ."....&. ........
  0020  02000000 000000  .......
  PreLogin - version:0.0.0.1 1, encryption:0x02(NOT_SUP), instopt:0x00, threadId:0x00000000, mars:0x00(OFF)
State change: Connecting -> SentPrelogin

Received
  type:0x04(TABULAR_RESULT), status:0x01(EOM), length:0x002B, spid:0x0000, packetId:0x01, window:0x00
  0000  00001A00 06010020 00010200 21000103 00220000 04002200 01FF0C00 07D00000  ....... ....!... ."....". ........
  0020  020000  ...
  PreLogin - version:12.0.7.208 0, encryption:0x02(NOT_SUP), instopt:0x00, threadId:0x00000000, mars:0x00(OFF)

Sent
  type:0x10(LOGIN7), status:0x01(EOM), length:0x00D6, spid:0x0000, packetId:0x01, window:0x00
  0000  CE000000 04000074 00100000 00000000 DC250000 00000000 E0000008 F0000000  .......t........ .%...... ........
  0020  09040000 5E000A00 72000200 76000800 86000A00 9A000A00 AE000000 AE000700  ....^... r...v... ........ ........
  0040  BC000000 BC000900 01020304 0506CE00 0000CE00 0000CE00 00000000 00004C00  ........ ........ ........ ......L.
  0060  2D004100 49003400 31003900 35003400 37007300 6100B1A5 83A533A5 E3A5A1A5  -.A.I.4. 1.9.5.4. 7.s.a... ..3.....
  0080  B6A586A5 96A56E00 6F006400 65002D00 6D007300 73007100 6C004C00 2D004100  ......n. o.d.e.-. m.s.s.q. l.L.-.A.
  00A0  49003400 31003900 35003400 37005400 65006400 69006F00 75007300 4E006F00  I.4.1.9. 5.4.7.T. e.d.i.o. u.s.N.o.
  00C0  72007400 68007700 69006E00 6400  r.t.h.w. i.n.d.
  Login7 - TDS:0x74000004, PacketSize:0x00001000, ClientProgVer:0x00000000, ClientPID:0x000025DC, ConnectionID:0x00000000
           Flags1:0xE0, Flags2:0x00, TypeFlags:0x00, Flags3:0x08, ClientTimezone:240, ClientLCID:0x00000409
           Hostname:'L-AI419547', Username:'sa', Password:'Abid@123', AppName:'node-mssql', ServerName:'L-AI419547', LibraryName:'Tedious'
           Language:'undefined', Database:'Northwind', SSPI:'', AttachDbFile:'', ChangePassword:''
State change: SentPrelogin -> SentLogin7WithStandardLogin

Received
  type:0x04(TABULAR_RESULT), status:0x01(EOM), length:0x01A9, spid:0x0033, packetId:0x01, window:0x00
  0000  E3210001 094E006F 00720074 00680077 0069006E 00640006 6D006100 73007400  .!...N.o.r.t.h.w.i.n.d.. m.a.s.t.
  0020  65007200 AB7C0045 16000002 00280043 00680061 006E0067 00650064 00200064  e.r..|.E.....(.C.h.a.n.g.e.d. .d
  0040  00610074 00610062 00610073 00650020 0063006F 006E0074 00650078 00740020  .a.t.a.b.a.s.e. .c.o.n.t.e.x.t. 
  0060  0074006F 00200027 004E006F 00720074 00680077 0069006E 00640027 002E000F  .t.o. .'.N.o.r.t.h.w.i.n.d.'....
  0080  4C002D00 41004900 34003100 39003500 34003700 5C004100 42004900 44000001  L.-.A.I. 4.1.9.5. 4.7.\.A. B.I.D...
  00A0  000000E3 08000705 0904D000 3400E317 00020A75 0073005F 0065006E 0067006C  ........ ....4... ...u.s._.e.n.g.l
  00C0  00690073 00680000 AB7A0047 16000001 00270043 00680061 006E0067 00650064  .i.s.h.. .z.G.... .'.C.h.a.n.g.e.d
  00E0  0020006C 0061006E 00670075 00610067 00650020 00730065 00740074 0069006E  . .l.a.n.g.u.a.g.e. .s.e.t.t.i.n
  0100  00670020 0074006F 00200075 0073005F 0065006E 0067006C 00690073 0068002E  .g. .t.o. .u.s._.e.n.g.l.i.s.h..
  0120  000F4C00 2D004100 49003400 31003900 35003400 37005C00 41004200 49004400  ..L.-.A. I.4.1.9. 5.4.7.\. A.B.I.D.
  0140  00010000 00AD3600 01740000 04164D00 69006300 72006F00 73006F00 66007400  ......6. .t....M. i.c.r.o. s.o.f.t.
  0160  20005300 51004C00 20005300 65007200 76006500 72000000 00000C00 07D0E313   .S.Q.L.  .S.e.r. v.e.r... ........
  0180  00040434 00300039 00360004 34003000 39003600 FD000000 00000000 00000000  ...4.0.9.6..4.0. 9.6..... ........
  01A0  00  .
Packet size changed from 4096 to 4096
State change: SentLogin7WithStandardLogin -> LoggedInSendingInitialSql

Sent
  type:0x01(SQL_BATCH), status:0x01(EOM), length:0x0334, spid:0x0000, packetId:0x01, window:0x00
  0000  16000000 12000000 02000000 00000000 00000100 00007300 65007400 20007400  ........ ........ ......s. e.t. .t.
  0020  65007800 74007300 69007A00 65002000 32003100 34003700 34003800 33003600  e.x.t.s. i.z.e. . 2.1.4.7. 4.8.3.6.
  0040  34003700 0A007300 65007400 20007100 75006F00 74006500 64005F00 69006400  4.7...s. e.t. .q. u.o.t.e. d._.i.d.
  0060  65006E00 74006900 66006900 65007200 20006F00 6E000A00 73006500 74002000  e.n.t.i. f.i.e.r.  .o.n... s.e.t. .
  0080  61007200 69007400 68006100 62006F00 72007400 20006F00 66006600 0A007300  a.r.i.t. h.a.b.o. r.t. .o. f.f...s.
  00A0  65007400 20006E00 75006D00 65007200 69006300 5F007200 6F007500 6E006400  e.t. .n. u.m.e.r. i.c._.r. o.u.n.d.
  00C0  61006200 6F007200 74002000 6F006600 66000A00 73006500 74002000 61006E00  a.b.o.r. t. .o.f. f...s.e. t. .a.n.
  00E0  73006900 5F007700 61007200 6E006900 6E006700 73002000 6F006E00 0A007300  s.i._.w. a.r.n.i. n.g.s. . o.n...s.
  0100  65007400 20006100 6E007300 69005F00 70006100 64006400 69006E00 67002000  e.t. .a. n.s.i._. p.a.d.d. i.n.g. .
  0120  6F006E00 0A007300 65007400 20006100 6E007300 69005F00 6E007500 6C006C00  o.n...s. e.t. .a. n.s.i._. n.u.l.l.
  0140  73002000 6F006E00 0A007300 65007400 20006100 6E007300 69005F00 6E007500  s. .o.n. ..s.e.t.  .a.n.s. i._.n.u.
  0160  6C006C00 5F006400 66006C00 74005F00 6F006E00 20006F00 6E000A00 73006500  l.l._.d. f.l.t._. o.n. .o. n...s.e.
  0180  74002000 63006F00 6E006300 61007400 5F006E00 75006C00 6C005F00 79006900  t. .c.o. n.c.a.t. _.n.u.l. l._.y.i.
  01A0  65006C00 64007300 5F006E00 75006C00 6C002000 6F006E00 0A007300 65007400  e.l.d.s. _.n.u.l. l. .o.n. ..s.e.t.
  01C0  20006300 75007200 73006F00 72005F00 63006C00 6F007300 65005F00 6F006E00   .c.u.r. s.o.r._. c.l.o.s. e._.o.n.
  01E0  5F006300 6F006D00 6D006900 74002000 6F006600 66000A00 73006500 74002000  _.c.o.m. m.i.t. . o.f.f... s.e.t. .
  0200  69006D00 70006C00 69006300 69007400 5F007400 72006100 6E007300 61006300  i.m.p.l. i.c.i.t. _.t.r.a. n.s.a.c.
  0220  74006900 6F006E00 73002000 6F006600 66000A00 73006500 74002000 6C006100  t.i.o.n. s. .o.f. f...s.e. t. .l.a.
  0240  6E006700 75006100 67006500 20007500 73005F00 65006E00 67006C00 69007300  n.g.u.a. g.e. .u. s._.e.n. g.l.i.s.
  0260  68000A00 73006500 74002000 64006100 74006500 66006F00 72006D00 61007400  h...s.e. t. .d.a. t.e.f.o. r.m.a.t.
  0280  20006D00 64007900 0A007300 65007400 20006400 61007400 65006600 69007200   .m.d.y. ..s.e.t.  .d.a.t. e.f.i.r.
  02A0  73007400 20003700 0A007300 65007400 20007400 72006100 6E007300 61006300  s.t. .7. ..s.e.t.  .t.r.a. n.s.a.c.
  02C0  74006900 6F006E00 20006900 73006F00 6C006100 74006900 6F006E00 20006C00  t.i.o.n.  .i.s.o. l.a.t.i. o.n. .l.
  02E0  65007600 65006C00 20007200 65006100 64002000 63006F00 6D006D00 69007400  e.v.e.l.  .r.e.a. d. .c.o. m.m.i.t.
  0300  74006500 64000A00 73006500 74002000 78006100 63007400 5F006100 62006F00  t.e.d... s.e.t. . x.a.c.t. _.a.b.o.
  0320  72007400 20006F00 66006600   r.t. .o. f.f.

Received
  type:0x04(TABULAR_RESULT), status:0x01(EOM), length:0x0176, spid:0x0033, packetId:0x01, window:0x00
  0000  FD0100BE 00000000 00000000 00FD0100 BA000000 00000000 0000FD01 00BA0000  ........ ........ ........ ........
  0020  00000000 000000FD 0100B900 00000000 00000000 FD0100B9 00000000 00000000  ........ ........ ........ ........
  0040  00FD0100 B9000000 00000000 0000FD01 00B90000 00000000 000000FD 0100B900  ........ ........ ........ ........
  0060  00000000 00000000 FD0100BA 00000000 00000000 00FD0100 BA000000 00000000  ........ ........ ........ ........
  0080  0000E32B 00020A75 0073005F 0065006E 0067006C 00690073 0068000A 75007300  ...+...u.s._.e.n.g.l.i.s.h..u.s.
  00A0  5F006500 6E006700 6C006900 73006800 AB7A0047 16000001 00270043 00680061  _.e.n.g. l.i.s.h. .z.G.... .'.C.h.a
  00C0  006E0067 00650064 0020006C 0061006E 00670075 00610067 00650020 00730065  .n.g.e.d. .l.a.n.g.u.a.g.e. .s.e
  00E0  00740074 0069006E 00670020 0074006F 00200075 0073005F 0065006E 0067006C  .t.t.i.n.g. .t.o. .u.s._.e.n.g.l
  0100  00690073 0068002E 000F4C00 2D004100 49003400 31003900 35003400 37005C00  .i.s.h....L.-.A. I.4.1.9. 5.4.7.\.
  0120  41004200 49004400 000C0000 00FD0100 F9000000 00000000 0000FD01 00F90000  A.B.I.D. ........ ........ ........
  0140  00000000 000000FD 0100F900 00000000 00000000 FD0100F9 00000000 00000000  ........ ........ ........ ........
  0160  00FD0000 BA000000 00000000 0000  ........ ......
State change: LoggedInSendingInitialSql -> LoggedIn

Sent
  type:0x03(RPC_REQUEST), status:0x01(EOM), length:0x0152, spid:0x0000, packetId:0x01, window:0x00
  0000  16000000 12000000 02000000 00000000 00000100 00000D00 73007000 5F006500  ........ ........ ........ s.p._.e.
  0020  78006500 63007500 74006500 73007100 6C000000 0A400073 00740061 00740065  x.e.c.u. t.e.s.q. l....@.s.t.a.t.e
  0040  006D0065 006E0074 0000E7F6 00000000 0000F600 53004500 4C004500 43005400  .m.e.n.t........ ....S.E. L.E.C.T.
  0060  20005B00 43007500 73007400 6F006D00 65007200 49004400 5D002000 2C005B00   .[.C.u. s.t.o.m. e.r.I.D. ]. .,.[.
  0080  43006F00 6D007000 61006E00 79004E00 61006D00 65005D00 2C005B00 43006F00  C.o.m.p. a.n.y.N. a.m.e.]. ,.[.C.o.
  00A0  6E007400 61006300 74004E00 61006D00 65005D00 2C005B00 43006F00 6E007400  n.t.a.c. t.N.a.m. e.].,.[. C.o.n.t.
  00C0  61006300 74005400 69007400 6C006500 5D002C00 5B004100 64006400 72006500  a.c.t.T. i.t.l.e. ].,.[.A. d.d.r.e.
  00E0  73007300 5D002C00 5B004300 69007400 79005D00 2C005B00 50006800 6F006E00  s.s.].,. [.C.i.t. y.].,.[. P.h.o.n.
  0100  65005D00 20004600 52004F00 4D002000 5B004E00 6F007200 74006800 77006900  e.]. .F. R.O.M. . [.N.o.r. t.h.w.i.
  0120  6E006400 5D002E00 5B006400 62006F00 5D002E00 5B004300 75007300 74006F00  n.d.]... [.d.b.o. ]...[.C. u.s.t.o.
  0140  6D006500 72007300 5D00  m.e.r.s. ].
  RPC Request - sp_executesql
State change: LoggedIn -> SentClientRequest

Received
  type:0x04(TABULAR_RESULT), status:0x00(), length:0x1000, spid:0x0033, packetId:0x01, window:0x00
  0000  81070000 00000008 00EF0A00 0904D000 340A4300 75007300 74006F00 6D006500  ........ ........ 4.C.u.s. t.o.m.e.
  0020  72004900 44000000 00000800 E7500009 04D00034 0B43006F 006D0070 0061006E  r.I.D... .....P.. ...4.C.o.m.p.a.n
  0040  0079004E 0061006D 00650000 00000009 00E73C00 0904D000 340B4300 6F006E00  .y.N.a.m.e...... ..<..... 4.C.o.n.
  0060  74006100 63007400 4E006100 6D006500 00000000 0900E73C 000904D0 00340C43  t.a.c.t. N.a.m.e. .......<.....4.C
  0080  006F006E 00740061 00630074 00540069 0074006C 00650000 00000009 00E77800  .o.n.t.a.c.t.T.i.t.l.e.. ......x.
  00A0  0904D000 34074100 64006400 72006500 73007300 00000000 0900E71E 000904D0  ....4.A. d.d.r.e. s.s..... ........
  00C0  00340443 00690074 00790000 00000009 00E73000 0904D000 34055000 68006F00  .4.C.i.t.y...... ..0..... 4.P.h.o.
  00E0  6E006500 D10A0041 004C0046 004B0049 00260041 006C0066 00720065 00640073  n.e....A.L.F.K.I.&.A.l.f.r.e.d.s
  0100  00200046 00750074 00740065 0072006B 00690073 00740065 0018004D 00610072  . .F.u.t.t.e.r.k.i.s.t.e...M.a.r
  0120  00690061 00200041 006E0064 00650072 00730028 00530061 006C0065 00730020  .i.a. .A.n.d.e.r.s.(.S.a.l.e.s. 
  0140  00520065 00700072 00650073 0065006E 00740061 00740069 00760065 001A004F  .R.e.p.r.e.s.e.n.t.a.t.i.v.e...O
  0160  00620065 00720065 00200053 00740072 002E0020 00350037 000C0042 00650072  .b.e.r.e. .S.t.r... .5.7...B.e.r
  0180  006C0069 006E0016 00300033 0030002D 00300030 00370034 00330032 003100D1  .l.i.n.. .0.3.0.-.0.0.7.4.3.2.1..
  01A0  0A004100 4E004100 54005200 44004100 6E006100 20005400 72007500 6A006900  ..A.N.A. T.R.D.A. n.a. .T. r.u.j.i.
  01C0  6C006C00 6F002000 45006D00 70006100 72006500 64006100 64006F00 73002000  l.l.o. . E.m.p.a. r.e.d.a. d.o.s. .
  01E0  79002000 68006500 6C006100 64006F00 73001800 41006E00 61002000 54007200  y. .h.e. l.a.d.o. s...A.n. a. .T.r.
  0200  75006A00 69006C00 6C006F00 0A004F00 77006E00 65007200 3A004100 76006400  u.j.i.l. l.o...O. w.n.e.r. :.A.v.d.
  0220  61002E00 20006400 65002000 6C006100 20004300 6F006E00 73007400 69007400  a... .d. e. .l.a.  .C.o.n. s.t.i.t.
  0240  75006300 6900F300 6E002000 32003200 32003200 16004D00 E9007800 69006300  u.c.i... n. .2.2. 2.2...M. ..x.i.c.
  0260  6F002000 44002E00 46002E00 18002800 35002900 20003500 35003500 2D003400  o. .D... F.....(. 5.). .5. 5.5.-.4.
  0280  37003200 3900D10A 0041004E 0054004F 004E002E 0041006E 0074006F 006E0069  7.2.9... .A.N.T.O.N...A.n.t.o.n.i
  02A0  006F0020 004D006F 00720065 006E006F 00200054 00610071 00750065 007200ED  .o. .M.o.r.e.n.o. .T.a.q.u.e.r..
  02C0  0061001C 0041006E 0074006F 006E0069 006F0020 004D006F 00720065 006E006F  .a...A.n.t.o.n.i.o. .M.o.r.e.n.o
  02E0  000A004F 0077006E 00650072 001E004D 00610074 00610064 00650072 006F0073  ...O.w.n.e.r...M.a.t.a.d.e.r.o.s
  0300  00200020 00320033 00310032 0016004D 00E90078 00690063 006F0020 0044002E  . . .2.3.1.2...M...x.i.c.o. .D..
  0320  0046002E 00180028 00350029 00200035 00350035 002D0033 00390033 003200D1  .F.....(.5.). .5.5.5.-.3.9.3.2..
  0340  0A004100 52004F00 55005400 1E004100 72006F00 75006E00 64002000 74006800  ..A.R.O. U.T...A. r.o.u.n. d. .t.h.
  0360  65002000 48006F00 72006E00 18005400 68006F00 6D006100 73002000 48006100  e. .H.o. r.n...T. h.o.m.a. s. .H.a.
  0380  72006400 79002800 53006100 6C006500 73002000 52006500 70007200 65007300  r.d.y.(. S.a.l.e. s. .R.e. p.r.e.s.
  03A0  65006E00 74006100 74006900 76006500 1E003100 32003000 20004800 61006E00  e.n.t.a. t.i.v.e. ..1.2.0.  .H.a.n.
  03C0  6F007600 65007200 20005300 71002E00 0C004C00 6F006E00 64006F00 6E001C00  o.v.e.r.  .S.q... ..L.o.n. d.o.n...
  03E0  28003100 37003100 29002000 35003500 35002D00 37003700 38003800 D10A0042  (.1.7.1. ). .5.5. 5.-.7.7. 8.8....B
  0400  00450052 00470053 00240042 00650072 0067006C 0075006E 00640073 00200073  .E.R.G.S.$.B.e.r.g.l.u.n.d.s. .s
  0420  006E0061 00620062 006B00F6 00700024 00430068 00720069 00730074 0069006E  .n.a.b.b.k...p.$.C.h.r.i.s.t.i.n
  0440  00610020 00420065 00720067 006C0075 006E0064 0026004F 00720064 00650072  .a. .B.e.r.g.l.u.n.d.&.O.r.d.e.r
  0460  00200041 0064006D 0069006E 00690073 00740072 00610074 006F0072 001E0042  . .A.d.m.i.n.i.s.t.r.a.t.o.r...B
  0480  00650072 00670075 00760073 007600E4 00670065 006E0020 00200038 000A004C  .e.r.g.u.v.s.v.. .g.e.n. . .8...L
  04A0  0075006C 006500E5 001A0030 00390032 0031002D 00310032 00200033 00340020  .u.l.e.. ...0.9.2.1.-.1.2. .3.4. 
  04C0  00360035 00D10A00 42004C00 41005500 53002E00 42006C00 61007500 65007200  .6.5.... B.L.A.U. S...B.l. a.u.e.r.
  04E0  20005300 65006500 20004400 65006C00 69006B00 61007400 65007300 73006500   .S.e.e.  .D.e.l. i.k.a.t. e.s.s.e.
  0500  6E001400 48006100 6E006E00 61002000 4D006F00 6F007300 28005300 61006C00  n...H.a. n.n.a. . M.o.o.s. (.S.a.l.
  0520  65007300 20005200 65007000 72006500 73006500 6E007400 61007400 69007600  e.s. .R. e.p.r.e. s.e.n.t. a.t.i.v.
  0540  65001C00 46006F00 72007300 74006500 72007300 74007200 2E002000 35003700  e...F.o. r.s.t.e. r.s.t.r. .. .5.7.
  0560  10004D00 61006E00 6E006800 65006900 6D001400 30003600 32003100 2D003000  ..M.a.n. n.h.e.i. m...0.6. 2.1.-.0.
  0580  38003400 36003000 D10A0042 004C004F 004E0050 00300042 006C006F 006E0064  8.4.6.0. ...B.L.O.N.P.0.B.l.o.n.d
  05A0  00650073 00640064 0073006C 00200070 00E80072 00650020 00650074 00200066  .e.s.d.d.s.l. .p...r.e. .e.t. .f
  05C0  0069006C 00730024 00460072 00E90064 00E90072 00690071 00750065 00200043  .i.l.s.$.F.r...d...r.i.q.u.e. .C
  05E0  00690074 00650061 00750078 0022004D 00610072 006B0065 00740069 006E0067  .i.t.e.a.u.x.".M.a.r.k.e.t.i.n.g
  0600  0020004D 0061006E 00610067 00650072 00200032 0034002C 00200070 006C0061  . .M.a.n.a.g.e.r. .2.4.,. .p.l.a
  0620  00630065 0020004B 006C00E9 00620065 00720014 00530074 00720061 00730062  .c.e. .K.l...b.e.r...S.t.r.a.s.b
  0640  006F0075 00720067 00160038 0038002E 00360030 002E0031 0035002E 00330031  .o.u.r.g...8.8...6.0...1.5...3.1
  0660  00D10A00 42004F00 4C004900 44003200 4200F300 6C006900 64006F00 20004300  ....B.O. L.I.D.2. B...l.i. d.o. .C.
  0680  6F006D00 69006400 61007300 20007000 72006500 70006100 72006100 64006100  o.m.i.d. a.s. .p. r.e.p.a. r.a.d.a.
  06A0  73001A00 4D006100 72007400 ED006E00 20005300 6F006D00 6D006500 72000A00  s...M.a. r.t...n.  .S.o.m. m.e.r...
  06C0  4F007700 6E006500 72001C00 43002F00 20004100 72006100 71007500 69006C00  O.w.n.e. r...C./.  .A.r.a. q.u.i.l.
  06E0  2C002000 36003700 0C004D00 61006400 72006900 64001C00 28003900 31002900  ,. .6.7. ..M.a.d. r.i.d... (.9.1.).
  0700  20003500 35003500 20003200 32002000 38003200 D10A0042 004F004E 00410050   .5.5.5.  .2.2. . 8.2....B.O.N.A.P
  0720  00100042 006F006E 00200061 00700070 00270020 004C0061 00750072 0065006E  ...B.o.n. .a.p.p.'. .L.a.u.r.e.n
  0740  00630065 0020004C 00650062 00690068 0061006E 000A004F 0077006E 00650072  .c.e. .L.e.b.i.h.a.n...O.w.n.e.r
  0760  00280031 0032002C 00200072 00750065 00200064 00650073 00200042 006F0075  .(.1.2.,. .r.u.e. .d.e.s. .B.o.u
  0780  00630068 00650072 00730012 004D0061 00720073 00650069 006C006C 00650016  .c.h.e.r.s...M.a.r.s.e.i.l.l.e..
  07A0  00390031 002E0032 0034002E 00340035 002E0034 003000D1 0A004200 4F005400  .9.1...2.4...4.5...4.0.. ..B.O.T.
  07C0  54004D00 2A004200 6F007400 74006F00 6D002D00 44006F00 6C006C00 61007200  T.M.*.B. o.t.t.o. m.-.D.o. l.l.a.r.
  07E0  20004D00 61007200 6B006500 74007300 22004500 6C006900 7A006100 62006500   .M.a.r. k.e.t.s. ".E.l.i. z.a.b.e.
  0800  74006800 20004C00 69006E00 63006F00 6C006E00 24004100 63006300 6F007500  t.h. .L. i.n.c.o. l.n.$.A. c.c.o.u.
  0820  6E007400 69006E00 67002000 4D006100 6E006100 67006500 72002400 32003300  n.t.i.n. g. .M.a. n.a.g.e. r.$.2.3.
  0840  20005400 73006100 77006100 73007300 65006E00 20004200 6C007600 64002E00   .T.s.a. w.a.s.s. e.n. .B. l.v.d...
  0860  12005400 73006100 77006100 73007300 65006E00 1C002800 36003000 34002900  ..T.s.a. w.a.s.s. e.n...(. 6.0.4.).
  0880  20003500 35003500 2D003400 37003200 3900D10A 00420053 00420045 0056001A   .5.5.5. -.4.7.2. 9....B.S.B.E.V..
  08A0  00420027 00730020 00420065 00760065 00720061 00670065 00730022 00560069  .B.'.s. .B.e.v.e.r.a.g.e.s.".V.i
  08C0  00630074 006F0072 00690061 00200041 00730068 0077006F 00720074 00680028  .c.t.o.r.i.a. .A.s.h.w.o.r.t.h.(
  08E0  00530061 006C0065 00730020 00520065 00700072 00650073 0065006E 00740061  .S.a.l.e.s. .R.e.p.r.e.s.e.n.t.a
  0900  00740069 00760065 00220046 00610075 006E0074 006C0065 0072006F 00790020  .t.i.v.e.".F.a.u.n.t.l.e.r.o.y. 
  0920  00430069 00720063 00750073 000C004C 006F006E 0064006F 006E001C 00280031  .C.i.r.c.u.s...L.o.n.d.o.n...(.1
  0940  00370031 00290020 00350035 0035002D 00310032 00310032 00D10A00 43004100  .7.1.). .5.5.5.-.1.2.1.2....C.A.
  0960  43005400 55003400 43006100 63007400 75007300 20004300 6F006D00 69006400  C.T.U.4. C.a.c.t. u.s. .C. o.m.i.d.
  0980  61007300 20007000 61007200 61002000 6C006C00 65007600 61007200 20005000  a.s. .p. a.r.a. . l.l.e.v. a.r. .P.
  09A0  61007400 72006900 63006900 6F002000 53006900 6D007000 73006F00 6E001600  a.t.r.i. c.i.o. . S.i.m.p. s.o.n...
  09C0  53006100 6C006500 73002000 41006700 65006E00 74001600 43006500 72007200  S.a.l.e. s. .A.g. e.n.t... C.e.r.r.
  09E0  69007400 6F002000 33003300 33001800 42007500 65006E00 6F007300 20004100  i.t.o. . 3.3.3... B.u.e.n. o.s. .A.
  0A00  69007200 65007300 18002800 31002900 20003100 33003500 2D003500 35003500  i.r.e.s. ..(.1.).  .1.3.5. -.5.5.5.
  0A20  3500D10A 00430045 004E0054 00430034 00430065 006E0074 0072006F 00200063  5....C.E.N.T.C.4.C.e.n.t.r.o. .c
  0A40  006F006D 00650072 00630069 0061006C 0020004D 006F0063 00740065 007A0075  .o.m.e.r.c.i.a.l. .M.o.c.t.e.z.u
  0A60  006D0061 001E0046 00720061 006E0063 00690073 0063006F 00200043 00680061  .m.a...F.r.a.n.c.i.s.c.o. .C.h.a
  0A80  006E0067 0022004D 00610072 006B0065 00740069 006E0067 0020004D 0061006E  .n.g.".M.a.r.k.e.t.i.n.g. .M.a.n
  0AA0  00610067 00650072 002E0053 00690065 00720072 00610073 00200064 00650020  .a.g.e.r...S.i.e.r.r.a.s. .d.e. 
  0AC0  00470072 0061006E 00610064 00610020 00390039 00390033 0016004D 00E90078  .G.r.a.n.a.d.a. .9.9.9.3...M...x
  0AE0  00690063 006F0020 0044002E 0046002E 00180028 00350029 00200035 00350035  .i.c.o. .D...F.....(.5.). .5.5.5
  0B00  002D0033 00330039 003200D1 0A004300 48004F00 50005300 22004300 68006F00  .-.3.3.9.2....C. H.O.P.S. ".C.h.o.
  0B20  70002D00 73007500 65007900 20004300 68006900 6E006500 73006500 12005900  p.-.s.u. e.y. .C. h.i.n.e. s.e...Y.
  0B40  61006E00 67002000 57006100 6E006700 0A004F00 77006E00 65007200 18004800  a.n.g. . W.a.n.g. ..O.w.n. e.r...H.
  0B60  61007500 70007400 73007400 72002E00 20003200 39000800 42006500 72006E00  a.u.p.t. s.t.r...  .2.9... B.e.r.n.
  0B80  16003000 34003500 32002D00 30003700 36003500 34003500 D10A0043 004F004D  ..0.4.5. 2.-.0.7. 6.5.4.5. ...C.O.M
  0BA0  004D0049 00200043 006F006D 00E90072 00630069 006F0020 004D0069 006E0065  .M.I. .C.o.m...r.c.i.o. .M.i.n.e
  0BC0  00690072 006F0018 00500065 00640072 006F0020 00410066 006F006E 0073006F  .i.r.o.. .P.e.d.r.o. .A.f.o.n.s.o
  0BE0  001E0053 0061006C 00650073 00200041 00730073 006F0063 00690061 00740065  ...S.a.l.e.s. .A.s.s.o.c.i.a.t.e
  0C00  00280041 0076002E 00200064 006F0073 0020004C 00750073 00ED0061 00640061  .(.A.v... .d.o.s. .L.u.s...a.d.a
  0C20  0073002C 00200032 00330012 00530061 006F0020 00500061 0075006C 006F001A  .s.,. .2.3...S.a.o. .P.a.u.l.o..
  0C40  00280031 00310029 00200035 00350035 002D0037 00360034 003700D1 0A004300  .(.1.1.). .5.5.5.-.7.6.4.7....C.
  0C60  4F004E00 53004800 2A004300 6F006E00 73006F00 6C006900 64006100 74006500  O.N.S.H. *.C.o.n. s.o.l.i. d.a.t.e.
  0C80  64002000 48006F00 6C006400 69006E00 67007300 1E004500 6C006900 7A006100  d. .H.o. l.d.i.n. g.s...E. l.i.z.a.
  0CA0  62006500 74006800 20004200 72006F00 77006E00 28005300 61006C00 65007300  b.e.t.h.  .B.r.o. w.n.(.S. a.l.e.s.
  0CC0  20005200 65007000 72006500 73006500 6E007400 61007400 69007600 65003800   .R.e.p. r.e.s.e. n.t.a.t. i.v.e.8.
  0CE0  42006500 72006B00 65006C00 65007900 20004700 61007200 64006500 6E007300  B.e.r.k. e.l.e.y.  .G.a.r. d.e.n.s.
  0D00  20003100 32002000 20004200 72006500 77006500 72007900 0C004C00 6F006E00   .1.2. .  .B.r.e. w.e.r.y. ..L.o.n.
  0D20  64006F00 6E001C00 28003100 37003100 29002000 35003500 35002D00 32003200  d.o.n... (.1.7.1. ). .5.5. 5.-.2.2.
  0D40  38003200 D10A0044 00520041 00430044 00300044 00720061 00630068 0065006E  8.2....D.R.A.C.D.0.D.r.a.c.h.e.n
  0D60  0062006C 00750074 00200044 0065006C 0069006B 00610074 00650073 00730065  .b.l.u.t. .D.e.l.i.k.a.t.e.s.s.e
  0D80  006E0018 00530076 0065006E 0020004F 00740074 006C0069 00650062 0026004F  .n...S.v.e.n. .O.t.t.l.i.e.b.&.O
  0DA0  00720064 00650072 00200041 0064006D 0069006E 00690073 00740072 00610074  .r.d.e.r. .A.d.m.i.n.i.s.t.r.a.t
  0DC0  006F0072 00180057 0061006C 00730065 00720077 00650067 00200032 0031000C  .o.r...W.a.l.s.e.r.w.e.g. .2.1..
  0DE0  00410061 00630068 0065006E 00160030 00320034 0031002D 00300033 00390031  .A.a.c.h.e.n...0.2.4.1.-.0.3.9.1
  0E00  00320033 00D10A00 44005500 4D004F00 4E001E00 44007500 20006D00 6F006E00  .2.3.... D.U.M.O. N...D.u.  .m.o.n.
  0E20  64006500 20006500 6E007400 69006500 72001C00 4A006100 6E006900 6E006500  d.e. .e. n.t.i.e. r...J.a. n.i.n.e.
  0E40  20004C00 61006200 72007500 6E006500 0A004F00 77006E00 65007200 38003600   .L.a.b. r.u.n.e. ..O.w.n. e.r.8.6.
  0E60  37002C00 20007200 75006500 20006400 65007300 20004300 69006E00 71007500  7.,. .r. u.e. .d. e.s. .C. i.n.q.u.
  0E80  61006E00 74006500 20004F00 74006100 67006500 73000C00 4E006100 6E007400  a.n.t.e.  .O.t.a. g.e.s... N.a.n.t.
  0EA0  65007300 16003400 30002E00 36003700 2E003800 38002E00 38003800 D10A0045  e.s...4. 0...6.7. ..8.8... 8.8....E
  0EC0  00410053 00540043 00240045 00610073 00740065 0072006E 00200043 006F006E  .A.S.T.C.$.E.a.s.t.e.r.n. .C.o.n
  0EE0  006E0065 00630074 0069006F 006E0012 0041006E 006E0020 00440065 0076006F  .n.e.c.t.i.o.n.. .A.n.n. .D.e.v.o
  0F00  006E0016 00530061 006C0065 00730020 00410067 0065006E 0074001C 00330035  .n...S.a.l.e.s. .A.g.e.n.t...3.5
  0F20  0020004B 0069006E 00670020 00470065 006F0072 00670065 000C004C 006F006E  . .K.i.n.g. .G.e.o.r.g.e...L.o.n
  0F40  0064006F 006E001C 00280031 00370031 00290020 00350035 0035002D 00300032  .d.o.n.. .(.1.7.1.). .5.5.5.-.0.2
  0F60  00390037 00D10A00 45005200 4E005300 48001800 45007200 6E007300 74002000  .9.7.... E.R.N.S. H...E.r. n.s.t. .
  0F80  48006100 6E006400 65006C00 1A005200 6F006C00 61006E00 64002000 4D006500  H.a.n.d. e.l...R. o.l.a.n. d. .M.e.
  0FA0  6E006400 65006C00 1A005300 61006C00 65007300 20004D00 61006E00 61006700  n.d.e.l. ..S.a.l. e.s. .M. a.n.a.g.
  0FC0  65007200 18004B00 69007200 63006800 67006100 73007300 65002000 36000800  e.r...K. i.r.c.h. g.a.s.s. e. .6...
  0FE0  47007200 61007A00 12003700 36003700 35002D00 33003400   G.r.a.z. ..7.6.7. 5.-.3.4. 

Received
  type:0x04(TABULAR_RESULT), status:0x00(), length:0x1000, spid:0x0033, packetId:0x02, window:0x00
  0000  32003500 D10A0046 0041004D 00490041 00240046 0061006D 0069006C 00690061  2.5....F.A.M.I.A.$.F.a.m.i.l.i.a
  0020  00200041 00720071 00750069 00620061 006C0064 006F0012 00410072 00690061  . .A.r.q.u.i.b.a.l.d.o.. .A.r.i.a
  0040  00200043 00720075 007A0026 004D0061 0072006B 00650074 0069006E 00670020  . .C.r.u.z.&.M.a.r.k.e.t.i.n.g. 
  0060  00410073 00730069 00730074 0061006E 00740018 00520075 00610020 004F0072  .A.s.s.i.s.t.a.n.t...R.u.a. .O.r
  0080  00F30073 002C0020 00390032 00120053 0061006F 00200050 00610075 006C006F  ...s.,. .9.2...S.a.o. .P.a.u.l.o
  00A0  001A0028 00310031 00290020 00350035 0035002D 00390038 00350037 00D10A00  ...(.1.1.). .5.5.5.-.9.8.5.7....
  00C0  46004100 52004100 48000000 1A004600 61007200 61006800 20005300 75006C00  F.A.R.A. H.....F. a.r.a.h.  .S.u.l.
  00E0  74006100 6E006100 28005300 65006E00 69006F00 72002000 53006F00 66007400  t.a.n.a. (.S.e.n. i.o.r. . S.o.f.t.
  0100  77006100 72006500 20004500 6E006700 67003200 53006F00 6D006500 20007700  w.a.r.e.  .E.n.g. g.2.S.o. m.e. .w.
  0120  68006500 72006500 20006F00 6E002000 77006500 6C006C00 73002000 64007200  h.e.r.e.  .o.n. . w.e.l.l. s. .d.r.
  0140  69007600 65000C00 50006100 72006C00 69006E00 18003700 33003200 20003700  i.v.e... P.a.r.l. i.n...7. 3.2. .7.
  0160  30003700 20003300 37003600 3800D10A 00460049 00530053 00410048 00460049  0.7. .3. 7.6.8... .F.I.S.S.A.H.F.I
  0180  00530053 00410020 00460061 00620072 00690063 00610020 0049006E 00740065  .S.S.A. .F.a.b.r.i.c.a. .I.n.t.e
  01A0  0072002E 00200053 0061006C 00630068 00690063 00680061 00730020 0053002E  .r... .S.a.l.c.h.i.c.h.a.s. .S..
  01C0  0041002E 00140044 00690065 0067006F 00200052 006F0065 006C0024 00410063  .A.....D.i.e.g.o. .R.o.e.l.$.A.c
  01E0  0063006F 0075006E 00740069 006E0067 0020004D 0061006E 00610067 00650072  .c.o.u.n.t.i.n.g. .M.a.n.a.g.e.r
  0200  00240043 002F0020 004D006F 00720061 006C007A 00610072 007A0061 006C002C  .$.C./. .M.o.r.a.l.z.a.r.z.a.l.,
  0220  00200038 0036000C 004D0061 00640072 00690064 001C0028 00390031 00290020  . .8.6.. .M.a.d.r.i.d...(.9.1.). 
  0240  00350035 00350020 00390034 00200034 003400D1 0A004600 4F004C00 49004700  .5.5.5. .9.4. .4.4....F. O.L.I.G.
  0260  22004600 6F006C00 69006500 73002000 67006F00 75007200 6D006100 6E006400  ".F.o.l. i.e.s. . g.o.u.r. m.a.n.d.
  0280  65007300 1A004D00 61007200 74006900 6E006500 20005200 61006E00 6300E900  e.s...M. a.r.t.i. n.e. .R. a.n.c...
  02A0  2A004100 73007300 69007300 74006100 6E007400 20005300 61006C00 65007300  *.A.s.s. i.s.t.a. n.t. .S. a.l.e.s.
  02C0  20004100 67006500 6E007400 30003100 38003400 2C002000 63006800 61007500   .A.g.e. n.t.0.1. 8.4.,. . c.h.a.u.
  02E0  73007300 E9006500 20006400 65002000 54006F00 75007200 6E006100 69000A00  s.s...e.  .d.e. . T.o.u.r. n.a.i...
  0300  4C006900 6C006C00 65001600 32003000 2E003100 36002E00 31003000 2E003100  L.i.l.l. e...2.0. ..1.6... 1.0...1.
  0320  3600D10A 0046004F 004C004B 004F001C 0046006F 006C006B 0020006F 00630068  6....F.O.L.K.O.. .F.o.l.k. .o.c.h
  0340  00200066 00E40020 00480042 001A004D 00610072 00690061 0020004C 00610072  . .f... .H.B...M.a.r.i.a. .L.a.r
  0360  00730073 006F006E 000A004F 0077006E 00650072 001800C5 006B0065 00720067  .s.s.o.n...O.w.n.e.r.... .k.e.r.g
  0380  00610074 0061006E 00200032 0034000C 00420072 00E40063 006B0065 001A0030  .a.t.a.n. .2.4.. .B.r...c.k.e...0
  03A0  00360039 0035002D 00330034 00200036 00370020 00320031 00D10A00 46005200  .6.9.5.-.3.4. .6.7. .2.1....F.R.
  03C0  41004E00 4B001C00 46007200 61006E00 6B006500 6E007600 65007200 73006100  A.N.K... F.r.a.n. k.e.n.v. e.r.s.a.
  03E0  6E006400 1A005000 65007400 65007200 20004600 72006100 6E006B00 65006E00  n.d...P. e.t.e.r.  .F.r.a. n.k.e.n.
  0400  22004D00 61007200 6B006500 74006900 6E006700 20004D00 61006E00 61006700  ".M.a.r. k.e.t.i. n.g. .M. a.n.a.g.
  0420  65007200 22004200 65007200 6C006900 6E006500 72002000 50006C00 61007400  e.r.".B. e.r.l.i. n.e.r. . P.l.a.t.
  0440  7A002000 34003300 0E004D00 FC006E00 63006800 65006E00 16003000 38003900  z. .4.3. ..M...n. c.h.e.n. ..0.8.9.
  0460  2D003000 38003700 37003300 31003000 D10A0046 00520041 004E0052 00260046  -.0.8.7. 7.3.1.0. ...F.R.A.N.R.&.F
  0480  00720061 006E0063 00650020 00720065 00730074 00610075 00720061 00740069  .r.a.n.c.e. .r.e.s.t.a.u.r.a.t.i
  04A0  006F006E 001C0043 00610072 0069006E 00650020 00530063 0068006D 00690074  .o.n...C.a.r.i.n.e. .S.c.h.m.i.t
  04C0  00740022 004D0061 0072006B 00650074 0069006E 00670020 004D0061 006E0061  .t.".M.a.r.k.e.t.i.n.g. .M.a.n.a
  04E0  00670065 0072001C 00350034 002C0020 00720075 00650020 0052006F 00790061  .g.e.r.. .5.4.,. .r.u.e. .R.o.y.a
  0500  006C0065 000C004E 0061006E 00740065 00730016 00340030 002E0033 0032002E  .l.e...N.a.n.t.e.s...4.0...3.2..
  0520  00320031 002E0032 003100D1 0A004600 52004100 4E005300 1C004600 72006100  .2.1...2.1....F. R.A.N.S. ..F.r.a.
  0540  6E006300 68006900 20005300 2E007000 2E004100 2E001A00 50006100 6F006C00  n.c.h.i.  .S...p. ..A..... P.a.o.l.
  0560  6F002000 41006300 63006F00 72007400 69002800 53006100 6C006500 73002000  o. .A.c. c.o.r.t. i.(.S.a. l.e.s. .
  0580  52006500 70007200 65007300 65006E00 74006100 74006900 76006500 26005600  R.e.p.r. e.s.e.n. t.a.t.i. v.e.&.V.
  05A0  69006100 20004D00 6F006E00 74006500 20004200 69006100 6E006300 6F002000  i.a. .M. o.n.t.e.  .B.i.a. n.c.o. .
  05C0  33003400 0C005400 6F007200 69006E00 6F001600 30003100 31002D00 34003900  3.4...T. o.r.i.n. o...0.1. 1.-.4.9.
  05E0  38003800 32003600 3000D10A 00460055 00520049 0042003C 00460075 00720069  8.8.2.6. 0....F.U.R.I.B.<.F.u.r.i
  0600  00610020 00420061 00630061 006C0068 00610075 00200065 00200046 00720075  .a. .B.a.c.a.l.h.a.u. .e. .F.r.u
  0620  0074006F 00730020 0064006F 0020004D 00610072 001C004C 0069006E 006F0020  .t.o.s. .d.o. .M.a.r...L.i.n.o. 
  0640  0052006F 00640072 00690067 00750065 007A001A 00530061 006C0065 00730020  .R.o.d.r.i.g.u.e.z...S.a.l.e.s. 
  0660  004D0061 006E0061 00670065 0072002C 004A0061 00720064 0069006D 00200064  .M.a.n.a.g.e.r.,.J.a.r.d.i.m. .d
  0680  00610073 00200072 006F0073 00610073 0020006E 002E0020 00330032 000C004C  .a.s. .r.o.s.a.s. .n... .3.2...L
  06A0  00690073 0062006F 00610018 00280031 00290020 00330035 0034002D 00320035  .i.s.b.o.a...(.1.). .3.5.4.-.2.5
  06C0  00330034 00D10A00 47004100 4C004500 44002C00 47006100 6C006500 7200ED00  .3.4.... G.A.L.E. D.,.G.a. l.e.r...
  06E0  61002000 64006500 6C002000 67006100 73007400 7200F300 6E006F00 6D006F00  a. .d.e. l. .g.a. s.t.r... n.o.m.o.
  0700  20004500 64007500 61007200 64006F00 20005300 61006100 76006500 64007200   .E.d.u. a.r.d.o.  .S.a.a. v.e.d.r.
  0720  61002200 4D006100 72006B00 65007400 69006E00 67002000 4D006100 6E006100  a.".M.a. r.k.e.t. i.n.g. . M.a.n.a.
  0740  67006500 72002C00 52006100 6D006200 6C006100 20006400 65002000 43006100  g.e.r.,. R.a.m.b. l.a. .d. e. .C.a.
  0760  74006100 6C007500 F1006100 2C002000 32003300 12004200 61007200 63006500  t.a.l.u. ..a.,. . 2.3...B. a.r.c.e.
  0780  6C006F00 6E006100 1A002800 39003300 29002000 32003000 33002000 34003500  l.o.n.a. ..(.9.3. ). .2.0. 3. .4.5.
  07A0  36003000 D10A0047 004F0044 004F0053 00260047 006F0064 006F0073 00200043  6.0....G.O.D.O.S.&.G.o.d.o.s. .C
  07C0  006F0063 0069006E 00610020 005400ED 00700069 00630061 0022004A 006F0073  .o.c.i.n.a. .T.. .p.i.c.a.".J.o.s
  07E0  00E90020 00500065 00640072 006F0020 00460072 00650079 00720065 001A0053  ... .P.e.d.r.o. .F.r.e.y.r.e...S
  0800  0061006C 00650073 0020004D 0061006E 00610067 00650072 001A0043 002F0020  .a.l.e.s. .M.a.n.a.g.e.r...C./. 
  0820  0052006F 006D0065 0072006F 002C0020 00330033 000E0053 00650076 0069006C  .R.o.m.e.r.o.,. .3.3...S.e.v.i.l
  0840  006C0061 001C0028 00390035 00290020 00350035 00350020 00380032 00200038  .l.a...(.9.5.). .5.5.5. .8.2. .8
  0860  003200D1 0A004700 4F005500 52004C00 26004700 6F007500 72006D00 65007400  .2....G. O.U.R.L. &.G.o.u. r.m.e.t.
  0880  20004C00 61006E00 63006800 6F006E00 65007400 65007300 1A004100 6E006400   .L.a.n. c.h.o.n. e.t.e.s. ..A.n.d.
  08A0  7200E900 20004600 6F006E00 73006500 63006100 1E005300 61006C00 65007300  r... .F. o.n.s.e. c.a...S. a.l.e.s.
  08C0  20004100 73007300 6F006300 69006100 74006500 1E004100 76002E00 20004200   .A.s.s. o.c.i.a. t.e...A. v... .B.
  08E0  72006100 73006900 6C002C00 20003400 34003200 10004300 61006D00 70006900  r.a.s.i. l.,. .4. 4.2...C. a.m.p.i.
  0900  6E006100 73001A00 28003100 31002900 20003500 35003500 2D003900 34003800  n.a.s... (.1.1.).  .5.5.5. -.9.4.8.
  0920  3200D10A 00470052 00450041 004C002E 00470072 00650061 00740020 004C0061  2....G.R.E.A.L...G.r.e.a.t. .L.a
  0940  006B0065 00730020 0046006F 006F0064 0020004D 00610072 006B0065 0074001A  .k.e.s. .F.o.o.d. .M.a.r.k.e.t..
  0960  0048006F 00770061 00720064 00200053 006E0079 00640065 00720022 004D0061  .H.o.w.a.r.d. .S.n.y.d.e.r.".M.a
  0980  0072006B 00650074 0069006E 00670020 004D0061 006E0061 00670065 00720020  .r.k.e.t.i.n.g. .M.a.n.a.g.e.r. 
  09A0  00320037 00330032 00200042 0061006B 00650072 00200042 006C0076 0064002E  .2.7.3.2. .B.a.k.e.r. .B.l.v.d..
  09C0  000C0045 00750067 0065006E 0065001C 00280035 00300033 00290020 00350035  ...E.u.g.e.n.e.. .(.5.0.3.). .5.5
  09E0  0035002D 00370035 00350035 00D10A00 47005200 4F005300 52002800 47005200  .5.-.7.5.5.5.... G.R.O.S. R.(.G.R.
  0A00  4F005300 45004C00 4C004100 2D005200 65007300 74006100 75007200 61006E00  O.S.E.L. L.A.-.R. e.s.t.a. u.r.a.n.
  0A20  74006500 1C004D00 61006E00 75006500 6C002000 50006500 72006500 69007200  t.e...M. a.n.u.e. l. .P.e. r.e.i.r.
  0A40  61000A00 4F007700 6E006500 72003200 3500AA00 20004100 76006500 2E002000  a...O.w. n.e.r.2. 5... .A. v.e... .
  0A60  4C006F00 73002000 50006100 6C006F00 73002000 47007200 61006E00 64006500  L.o.s. . P.a.l.o. s. .G.r. a.n.d.e.
  0A80  73000E00 43006100 72006100 63006100 73001800 28003200 29002000 32003800  s...C.a. r.a.c.a. s...(.2. ). .2.8.
  0AA0  33002D00 32003900 35003100 D10A0048 0041004E 00410052 001A0048 0061006E  3.-.2.9. 5.1....H.A.N.A.R...H.a.n
  0AC0  00610072 00690020 00430061 0072006E 00650073 0018004D 00610072 0069006F  .a.r.i. .C.a.r.n.e.s...M.a.r.i.o
  0AE0  00200050 006F006E 00740065 00730024 00410063 0063006F 0075006E 00740069  . .P.o.n.t.e.s.$.A.c.c.o.u.n.t.i
  0B00  006E0067 0020004D 0061006E 00610067 00650072 001E0052 00750061 00200064  .n.g. .M.a.n.a.g.e.r...R.u.a. .d
  0B20  006F0020 00500061 00E7006F 002C0020 00360037 001C0052 0069006F 00200064  .o. .P.a...o.,. .6.7...R.i.o. .d
  0B40  00650020 004A0061 006E0065 00690072 006F001A 00280032 00310029 00200035  .e. .J.a.n.e.i.r.o...(.2.1.). .5
  0B60  00350035 002D0030 00300039 003100D1 0A004800 49004C00 41004100 20004800  .5.5.-.0.0.9.1.. ..H.I.L. A.A. .H.
  0B80  49004C00 41005200 49004F00 4E002D00 41006200 61007300 74006F00 73002000  I.L.A.R. I.O.N.-. A.b.a.s. t.o.s. .
  0BA0  43006100 72006C00 6F007300 20004800 65007200 6E00E100 6E006400 65007A00  C.a.r.l. o.s. .H. e.r.n... n.d.e.z.
  0BC0  28005300 61006C00 65007300 20005200 65007000 72006500 73006500 6E007400  (.S.a.l. e.s. .R. e.p.r.e. s.e.n.t.
  0BE0  61007400 69007600 65005400 43006100 72007200 65007200 61002000 32003200  a.t.i.v. e.T.C.a. r.r.e.r. a. .2.2.
  0C00  20006300 6F006E00 20004100 76006500 2E002000 43006100 72006C00 6F007300   .c.o.n.  .A.v.e. .. .C.a. r.l.o.s.
  0C20  20005300 6F007500 62006C00 65007400 74006500 20002300 38002D00 33003500   .S.o.u. b.l.e.t. t.e. .#. 8.-.3.5.
  0C40  1A005300 61006E00 20004300 72006900 73007400 F3006200 61006C00 18002800  ..S.a.n.  .C.r.i. s.t...b. a.l...(.
  0C60  35002900 20003500 35003500 2D003100 33003400 3000D10A 00480055 004E0047  5.). .5. 5.5.-.1. 3.4.0... .H.U.N.G
  0C80  00430034 00480075 006E0067 00720079 00200043 006F0079 006F0074 00650020  .C.4.H.u.n.g.r.y. .C.o.y.o.t.e. 
  0CA0  0049006D 0070006F 00720074 00200053 0074006F 00720065 001A0059 006F0073  .I.m.p.o.r.t. .S.t.o.r.e...Y.o.s
  0CC0  00680069 0020004C 00610074 0069006D 00650072 00280053 0061006C 00650073  .h.i. .L.a.t.i.m.e.r.(.S.a.l.e.s
  0CE0  00200052 00650070 00720065 00730065 006E0074 00610074 00690076 0065003C  . .R.e.p.r.e.s.e.n.t.a.t.i.v.e.<
  0D00  00430069 00740079 00200043 0065006E 00740065 00720020 0050006C 0061007A  .C.i.t.y. .C.e.n.t.e.r. .P.l.a.z
  0D20  00610020 00350031 00360020 004D0061 0069006E 00200053 0074002E 000A0045  .a. .5.1.6. .M.a.i.n. .S.t.....E
  0D40  006C0067 0069006E 001C0028 00350030 00330029 00200035 00350035 002D0036  .l.g.i.n...(.5.0.3.). .5.5.5.-.6
  0D60  00380037 003400D1 0A004800 55004E00 47004F00 38004800 75006E00 67007200  .8.7.4.. ..H.U.N. G.O.8.H. u.n.g.r.
  0D80  79002000 4F007700 6C002000 41006C00 6C002D00 4E006900 67006800 74002000  y. .O.w. l. .A.l. l.-.N.i. g.h.t. .
  0DA0  47007200 6F006300 65007200 73002000 50006100 74007200 69006300 69006100  G.r.o.c. e.r.s. . P.a.t.r. i.c.i.a.
  0DC0  20004D00 63004B00 65006E00 6E006100 1E005300 61006C00 65007300 20004100   .M.c.K. e.n.n.a. ..S.a.l. e.s. .A.
  0DE0  73007300 6F006300 69006100 74006500 20003800 20004A00 6F006800 6E007300  s.s.o.c. i.a.t.e.  .8. .J. o.h.n.s.
  0E00  74006F00 77006E00 20005200 6F006100 64000800 43006F00 72006B00 10003200  t.o.w.n.  .R.o.a. d...C.o. r.k...2.
  0E20  39003600 37002000 35003400 3200D10A 00490053 004C0041 0054001C 00490073  9.6.7. . 5.4.2... .I.S.L.A.T...I.s
  0E40  006C0061 006E0064 00200054 00720061 00640069 006E0067 001A0048 0065006C  .l.a.n.d. .T.r.a.d.i.n.g...H.e.l
  0E60  0065006E 00200042 0065006E 006E0065 00740074 0022004D 00610072 006B0065  .e.n. .B.e.n.n.e.t.t.".M.a.r.k.e
  0E80  00740069 006E0067 0020004D 0061006E 00610067 00650072 00320047 00610072  .t.i.n.g. .M.a.n.a.g.e.r.2.G.a.r
  0EA0  00640065 006E0020 0048006F 00750073 00650020 00430072 006F0077 00740068  .d.e.n. .H.o.u.s.e. .C.r.o.w.t.h
  0EC0  00650072 00200057 00610079 000A0043 006F0077 00650073 001C0028 00310039  .e.r. .W.a.y...C.o.w.e.s...(.1.9
  0EE0  00380029 00200035 00350035 002D0038 00380038 003800D1 0A004B00 4F004500  .8.). .5.5.5.-.8.8.8.8.. ..K.O.E.
  0F00  4E004500 1E004B00 F6006E00 69006700 6C006900 63006800 20004500 73007300  N.E...K. ..n.i.g. l.i.c.h.  .E.s.s.
  0F20  65006E00 1A005000 68006900 6C006900 70002000 43007200 61006D00 65007200  e.n...P. h.i.l.i. p. .C.r. a.m.e.r.
  0F40  1E005300 61006C00 65007300 20004100 73007300 6F006300 69006100 74006500  ..S.a.l. e.s. .A. s.s.o.c. i.a.t.e.
  0F60  1A004D00 61007500 62006500 6C007300 74007200 2E002000 39003000 16004200  ..M.a.u. b.e.l.s. t.r... . 9.0...B.
  0F80  72006100 6E006400 65006E00 62007500 72006700 14003000 35003500 35002D00  r.a.n.d. e.n.b.u. r.g...0. 5.5.5.-.
  0FA0  30003900 38003700 3600D10A 004C0041 0043004F 00520028 004C0061 00200063  0.9.8.7. 6....L.A.C.O.R.(.L.a. .c
  0FC0  006F0072 006E0065 00200064 00270061 0062006F 006E0064 0061006E 00630065  .o.r.n.e. .d.'.a.b.o.n.d.a.n.c.e
  0FE0  001A0044 0061006E 00690065 006C0020 0054006F 006E0069   ...D.a.n.i.e.l. .T.o.n.i

Received
  type:0x04(TABULAR_RESULT), status:0x00(), length:0x1000, spid:0x0033, packetId:0x03, window:0x00
  0000  006E0069 00280053 0061006C 00650073 00200052 00650070 00720065 00730065  .n.i.(.S.a.l.e.s. .R.e.p.r.e.s.e
  0020  006E0074 00610074 00690076 0065002C 00360037 002C0020 00610076 0065006E  .n.t.a.t.i.v.e.,.6.7.,. .a.v.e.n
  0040  00750065 00200064 00650020 006C0027 00450075 0072006F 00700065 00140056  .u.e. .d.e. .l.'.E.u.r.o.p.e...V
  0060  00650072 00730061 0069006C 006C0065 00730016 00330030 002E0035 0039002E  .e.r.s.a.i.l.l.e.s...3.0...5.9..
  0080  00380034 002E0031 003000D1 0A004C00 41004D00 41004900 20004C00 61002000  .8.4...1.0....L. A.M.A.I.  .L.a. .
  00A0  6D006100 69007300 6F006E00 20006400 27004100 73006900 65001C00 41006E00  m.a.i.s. o.n. .d. '.A.s.i. e...A.n.
  00C0  6E006500 74007400 65002000 52006F00 75006C00 65007400 1A005300 61006C00  n.e.t.t. e. .R.o. u.l.e.t. ..S.a.l.
  00E0  65007300 20004D00 61006E00 61006700 65007200 2A003100 20007200 75006500  e.s. .M. a.n.a.g. e.r.*.1.  .r.u.e.
  0100  20004100 6C007300 61006300 65002D00 4C006F00 72007200 61006900 6E006500   .A.l.s. a.c.e.-. L.o.r.r. a.i.n.e.
  0120  10005400 6F007500 6C006F00 75007300 65001600 36003100 2E003700 37002E00  ..T.o.u. l.o.u.s. e...6.1. ..7.7...
  0140  36003100 2E003100 3000D10A 004C0041 00550047 0042003A 004C0061 00750067  6.1...1. 0....L.A.U.G.B.:.L.a.u.g
  0160  00680069 006E0067 00200042 00610063 00630068 00750073 00200057 0069006E  .h.i.n.g. .B.a.c.c.h.u.s. .W.i.n
  0180  00650020 00430065 006C006C 00610072 0073001E 0059006F 00730068 00690020  .e. .C.e.l.l.a.r.s...Y.o.s.h.i. 
  01A0  00540061 006E006E 0061006D 00750072 00690026 004D0061 0072006B 00650074  .T.a.n.n.a.m.u.r.i.&.M.a.r.k.e.t
  01C0  0069006E 00670020 00410073 00730069 00730074 0061006E 00740018 00310039  .i.n.g. .A.s.s.i.s.t.a.n.t...1.9
  01E0  00300030 0020004F 0061006B 00200053 0074002E 00120056 0061006E 0063006F  .0.0. .O.a.k. .S.t.....V.a.n.c.o
  0200  00750076 00650072 001C0028 00360030 00340029 00200035 00350035 002D0033  .u.v.e.r...(.6.0.4.). .5.5.5.-.3
  0220  00330039 003200D1 0A004C00 41005A00 59004B00 28004C00 61007A00 79002000  .3.9.2.. ..L.A.Z. Y.K.(.L. a.z.y. .
  0240  4B002000 4B006F00 75006E00 74007200 79002000 53007400 6F007200 65001400  K. .K.o. u.n.t.r. y. .S.t. o.r.e...
  0260  4A006F00 68006E00 20005300 74006500 65006C00 22004D00 61007200 6B006500  J.o.h.n.  .S.t.e. e.l.".M. a.r.k.e.
  0280  74006900 6E006700 20004D00 61006E00 61006700 65007200 28003100 32002000  t.i.n.g.  .M.a.n. a.g.e.r. (.1.2. .
  02A0  4F007200 63006800 65007300 74007200 61002000 54006500 72007200 61006300  O.r.c.h. e.s.t.r. a. .T.e. r.r.a.c.
  02C0  65001600 57006100 6C006C00 61002000 57006100 6C006C00 61001C00 28003500  e...W.a. l.l.a. . W.a.l.l. a...(.5.
  02E0  30003900 29002000 35003500 35002D00 37003900 36003900 D10A004C 00450048  0.9.). . 5.5.5.-. 7.9.6.9. ...L.E.H
  0300  004D0053 0026004C 00650068 006D0061 006E006E 00730020 004D0061 0072006B  .M.S.&.L.e.h.m.a.n.n.s. .M.a.r.k
  0320  00740073 00740061 006E0064 001C0052 0065006E 00610074 00650020 004D0065  .t.s.t.a.n.d...R.e.n.a.t.e. .M.e
  0340  00730073 006E0065 00720028 00530061 006C0065 00730020 00520065 00700072  .s.s.n.e.r.(.S.a.l.e.s. .R.e.p.r
  0360  00650073 0065006E 00740061 00740069 00760065 0018004D 00610067 0061007A  .e.s.e.n.t.a.t.i.v.e...M.a.g.a.z
  0380  0069006E 00770065 00670020 0037001C 00460072 0061006E 006B0066 00750072  .i.n.w.e.g. .7.. .F.r.a.n.k.f.u.r
  03A0  00740020 0061002E 004D002E 00160030 00360039 002D0030 00320034 00350039  .t. .a...M.....0.6.9.-.0.2.4.5.9
  03C0  00380034 00D10A00 4C004500 54005300 53002200 4C006500 74002700 73002000  .8.4.... L.E.T.S. S.".L.e. t.'.s. .
  03E0  53007400 6F007000 20004E00 20005300 68006F00 70001800 4A006100 69006D00  S.t.o.p.  .N. .S. h.o.p... J.a.i.m.
  0400  65002000 59006F00 72007200 65007300 0A004F00 77006E00 65007200 26003800  e. .Y.o. r.r.e.s. ..O.w.n. e.r.&.8.
  0420  37002000 50006F00 6C006B00 20005300 74002E00 20005300 75006900 74006500  7. .P.o. l.k. .S. t... .S. u.i.t.e.
  0440  20003500 1A005300 61006E00 20004600 72006100 6E006300 69007300 63006F00   .5...S. a.n. .F. r.a.n.c. i.s.c.o.
  0460  1C002800 34003100 35002900 20003500 35003500 2D003500 39003300 3800D10A  ..(.4.1. 5.). .5. 5.5.-.5. 9.3.8...
  0480  004C0049 004C0041 00530022 004C0049 004C0041 002D0053 00750070 00650072  .L.I.L.A.S.".L.I.L.A.-.S.u.p.e.r
  04A0  006D0065 00720063 00610064 006F001E 00430061 0072006C 006F0073 00200047  .m.e.r.c.a.d.o.. .C.a.r.l.o.s. .G
  04C0  006F006E 007A00E1 006C0065 007A0024 00410063 0063006F 0075006E 00740069  .o.n.z.. .l.e.z.$.A.c.c.o.u.n.t.i
  04E0  006E0067 0020004D 0061006E 00610067 00650072 005C0043 00610072 00720065  .n.g. .M.a.n.a.g.e.r.\.C.a.r.r.e
  0500  00720061 00200035 00320020 0063006F 006E0020 00410076 0065002E 00200042  .r.a. .5.2. .c.o.n. .A.v.e... .B
  0520  006F006C 00ED0076 00610072 00200023 00360035 002D0039 00380020 004C006C  .o.l...v.a.r. .#.6.5.-.9.8. .L.l
  0540  0061006E 006F0020 004C0061 00720067 006F0018 00420061 00720071 00750069  .a.n.o. .L.a.r.g.o...B.a.r.q.u.i
  0560  00730069 006D0065 0074006F 00180028 00390029 00200033 00330031 002D0036  .s.i.m.e.t.o...(.9.). .3.3.1.-.6
  0580  00390035 003400D1 0A004C00 49004E00 4F004400 20004C00 49004E00 4F002D00  .9.5.4.. ..L.I.N. O.D. .L. I.N.O.-.
  05A0  44006500 6C006900 63006100 74006500 73006500 73002000 46006500 6C006900  D.e.l.i. c.a.t.e. s.e.s. . F.e.l.i.
  05C0  70006500 20004900 7A007100 75006900 65007200 64006F00 0A004F00 77006E00  p.e. .I. z.q.u.i. e.r.d.o. ..O.w.n.
  05E0  65007200 2E004100 76006500 2E002000 35002000 64006500 20004D00 61007900  e.r...A. v.e... . 5. .d.e.  .M.a.y.
  0600  6F002000 50006F00 72006C00 61006D00 61007200 1E004900 2E002000 64006500  o. .P.o. r.l.a.m. a.r...I. .. .d.e.
  0620  20004D00 61007200 67006100 72006900 74006100 18002800 38002900 20003300   .M.a.r. g.a.r.i. t.a...(. 8.). .3.
  0640  34002D00 35003600 2D003100 3200D10A 004C004F 004E0045 00500030 004C006F  4.-.5.6. -.1.2... .L.O.N.E.P.0.L.o
  0660  006E0065 0073006F 006D0065 00200050 0069006E 00650020 00520065 00730074  .n.e.s.o.m.e. .P.i.n.e. .R.e.s.t
  0680  00610075 00720061 006E0074 00160046 00720061 006E0020 00570069 006C0073  .a.u.r.a.n.t...F.r.a.n. .W.i.l.s
  06A0  006F006E 001A0053 0061006C 00650073 0020004D 0061006E 00610067 00650072  .o.n...S.a.l.e.s. .M.a.n.a.g.e.r
  06C0  00240038 00390020 00430068 00690061 0072006F 00730063 00750072 006F0020  .$.8.9. .C.h.i.a.r.o.s.c.u.r.o. 
  06E0  00520064 002E0010 0050006F 00720074 006C0061 006E0064 001C0028 00350030  .R.d.... .P.o.r.t.l.a.n.d...(.5.0
  0700  00330029 00200035 00350035 002D0039 00350037 003300D1 0A004D00 41004700  .3.). .5.5.5.-.9.5.7.3.. ..M.A.G.
  0720  41004100 38004D00 61006700 61007A00 7A006900 6E006900 20004100 6C006900  A.A.8.M. a.g.a.z. z.i.n.i.  .A.l.i.
  0740  6D006500 6E007400 61007200 69002000 52006900 75006E00 69007400 69002000  m.e.n.t. a.r.i. . R.i.u.n. i.t.i. .
  0760  47006900 6F007600 61006E00 6E006900 20005200 6F007600 65006C00 6C006900  G.i.o.v. a.n.n.i.  .R.o.v. e.l.l.i.
  0780  22004D00 61007200 6B006500 74006900 6E006700 20004D00 61006E00 61006700  ".M.a.r. k.e.t.i. n.g. .M. a.n.a.g.
  07A0  65007200 2E005600 69006100 20004C00 75006400 6F007600 69006300 6F002000  e.r...V. i.a. .L. u.d.o.v. i.c.o. .
  07C0  69006C00 20004D00 6F007200 6F002000 32003200 0E004200 65007200 67006100  i.l. .M. o.r.o. . 2.2...B. e.r.g.a.
  07E0  6D006F00 14003000 33003500 2D003600 34003000 32003300 3000D10A 004D0041  m.o...0. 3.5.-.6. 4.0.2.3. 0....M.A
  0800  00490053 00440018 004D0061 00690073 006F006E 00200044 00650077 00650079  .I.S.D.. .M.a.i.s.o.n. .D.e.w.e.y
  0820  001E0043 00610074 00680065 00720069 006E0065 00200044 00650077 00650079  ...C.a.t.h.e.r.i.n.e. .D.e.w.e.y
  0840  00160053 0061006C 00650073 00200041 00670065 006E0074 00260052 00750065  ...S.a.l.e.s. .A.g.e.n.t.&.R.u.e
  0860  0020004A 006F0073 00650070 0068002D 00420065 006E0073 00200035 00330032  . .J.o.s.e.p.h.-.B.e.n.s. .5.3.2
  0880  00120042 00720075 00780065 006C006C 00650073 001C0028 00300032 00290020  ...B.r.u.x.e.l.l.e.s...(.0.2.). 
  08A0  00320030 00310020 00320034 00200036 003700D1 0A004D00 45005200 45005000  .2.0.1. .2.4. .6.7....M. E.R.E.P.
  08C0  1C004D00 E8007200 65002000 50006100 69006C00 6C006100 72006400 65001C00  ..M...r. e. .P.a. i.l.l.a. r.d.e...
  08E0  4A006500 61006E00 20004600 72006500 73006E00 6900E800 72006500 26004D00  J.e.a.n.  .F.r.e. s.n.i... r.e.&.M.
  0900  61007200 6B006500 74006900 6E006700 20004100 73007300 69007300 74006100  a.r.k.e. t.i.n.g.  .A.s.s. i.s.t.a.
  0920  6E007400 24003400 33002000 72007500 65002000 53007400 2E002000 4C006100  n.t.$.4. 3. .r.u. e. .S.t. .. .L.a.
  0940  75007200 65006E00 74001000 4D006F00 6E007400 7200E900 61006C00 1C002800  u.r.e.n. t...M.o. n.t.r... a.l...(.
  0960  35003100 34002900 20003500 35003500 2D003800 30003500 3400D10A 004D004F  5.1.4.).  .5.5.5. -.8.0.5. 4....M.O
  0980  00520047 004B002C 004D006F 00720067 0065006E 00730074 00650072 006E0020  .R.G.K.,.M.o.r.g.e.n.s.t.e.r.n. 
  09A0  00470065 00730075 006E0064 006B006F 00730074 001E0041 006C0065 00780061  .G.e.s.u.n.d.k.o.s.t...A.l.e.x.a
  09C0  006E0064 00650072 00200046 00650075 00650072 0026004D 00610072 006B0065  .n.d.e.r. .F.e.u.e.r.&.M.a.r.k.e
  09E0  00740069 006E0067 00200041 00730073 00690073 00740061 006E0074 00160048  .t.i.n.g. .A.s.s.i.s.t.a.n.t...H
  0A00  00650065 00720073 00740072 002E0020 00320032 000E004C 00650069 0070007A  .e.e.r.s.t.r... .2.2...L.e.i.p.z
  0A20  00690067 00160030 00330034 0032002D 00300032 00330031 00370036 00D10A00  .i.g...0.3.4.2.-.0.2.3.1.7.6....
  0A40  4E004F00 52005400 53001600 4E006F00 72007400 68002F00 53006F00 75007400  N.O.R.T. S...N.o. r.t.h./. S.o.u.t.
  0A60  68001C00 53006900 6D006F00 6E002000 43007200 6F007700 74006800 65007200  h...S.i. m.o.n. . C.r.o.w. t.h.e.r.
  0A80  1E005300 61006C00 65007300 20004100 73007300 6F006300 69006100 74006500  ..S.a.l. e.s. .A. s.s.o.c. i.a.t.e.
  0AA0  38005300 6F007500 74006800 20004800 6F007500 73006500 20003300 30003000  8.S.o.u. t.h. .H. o.u.s.e.  .3.0.0.
  0AC0  20005100 75006500 65006E00 73006200 72006900 64006700 65000C00 4C006F00   .Q.u.e. e.n.s.b. r.i.d.g. e...L.o.
  0AE0  6E006400 6F006E00 1C002800 31003700 31002900 20003500 35003500 2D003700  n.d.o.n. ..(.1.7. 1.). .5. 5.5.-.7.
  0B00  37003300 3300D10A 004F0043 00450041 004E002C 004F0063 00E90061 006E006F  7.3.3... .O.C.E.A.N.,.O.c...a.n.o
  0B20  00200041 0074006C 00E1006E 00740069 0063006F 0020004C 00740064 0061002E  . .A.t.l...n.t.i.c.o. .L.t.d.a..
  0B40  001C0059 0076006F 006E006E 00650020 004D006F 006E0063 00610064 00610016  ...Y.v.o.n.n.e. .M.o.n.c.a.d.a..
  0B60  00530061 006C0065 00730020 00410067 0065006E 00740046 0049006E 0067002E  .S.a.l.e.s. .A.g.e.n.t.F.I.n.g..
  0B80  00200047 00750073 00740061 0076006F 0020004D 006F006E 00630061 00640061  . .G.u.s.t.a.v.o. .M.o.n.c.a.d.a
  0BA0  00200038 00350038 00350020 00500069 0073006F 00200032 0030002D 00410018  . .8.5.8.5. .P.i.s.o. .2.0.-.A..
  0BC0  00420075 0065006E 006F0073 00200041 00690072 00650073 00180028 00310029  .B.u.e.n.o.s. .A.i.r.e.s...(.1.)
  0BE0  00200031 00330035 002D0035 00330033 003300D1 0A004F00 4C004400 57004F00  . .1.3.5.-.5.3.3.3....O. L.D.W.O.
  0C00  2C004F00 6C006400 20005700 6F007200 6C006400 20004400 65006C00 69006300  ,.O.l.d.  .W.o.r. l.d. .D. e.l.i.c.
  0C20  61007400 65007300 73006500 6E001A00 52006500 6E006500 20005000 68006900  a.t.e.s. s.e.n... R.e.n.e.  .P.h.i.
  0C40  6C006C00 69007000 73002800 53006100 6C006500 73002000 52006500 70007200  l.l.i.p. s.(.S.a. l.e.s. . R.e.p.r.
  0C60  65007300 65006E00 74006100 74006900 76006500 1E003200 37003400 33002000  e.s.e.n. t.a.t.i. v.e...2. 7.4.3. .
  0C80  42006500 72006900 6E006700 20005300 74002E00 12004100 6E006300 68006F00  B.e.r.i. n.g. .S. t.....A. n.c.h.o.
  0CA0  72006100 67006500 1C002800 39003000 37002900 20003500 35003500 2D003700  r.a.g.e. ..(.9.0. 7.). .5. 5.5.-.7.
  0CC0  35003800 3400D10A 004F0054 00540049 004B0024 004F0074 00740069 006C0069  5.8.4... .O.T.T.I.K.$.O.t.t.i.l.i
  0CE0  00650073 0020004B 00E40073 0065006C 00610064 0065006E 00260048 0065006E  .e.s. .K...s.e.l.a.d.e.n.&.H.e.n
  0D00  00720069 00650074 00740065 00200050 00660061 006C007A 00680065 0069006D  .r.i.e.t.t.e. .P.f.a.l.z.h.e.i.m
  0D20  000A004F 0077006E 00650072 0024004D 00650068 00720068 00650069 006D0065  ...O.w.n.e.r.$.M.e.h.r.h.e.i.m.e
  0D40  00720073 00740072 002E0020 00330036 00390008 004B00F6 006C006E 00180030  .r.s.t.r... .3.6.9...K.. .l.n...0
  0D60  00320032 0031002D 00300036 00340034 00330032 003700D1 0A005000 41005200  .2.2.1.-.0.6.4.4.3.2.7.. ..P.A.R.
  0D80  49005300 22005000 61007200 69007300 20007300 7000E900 63006900 61006C00  I.S.".P. a.r.i.s.  .s.p... c.i.a.l.
  0DA0  69007400 E9007300 1C004D00 61007200 69006500 20004200 65007200 74007200  i.t...s. ..M.a.r. i.e. .B. e.r.t.r.
  0DC0  61006E00 64000A00 4F007700 6E006500 72002E00 32003600 35002C00 20006200  a.n.d... O.w.n.e. r...2.6. 5.,. .b.
  0DE0  6F007500 6C006500 76006100 72006400 20004300 68006100 72006F00 6E006E00  o.u.l.e. v.a.r.d.  .C.h.a. r.o.n.n.
  0E00  65000A00 50006100 72006900 73001E00 28003100 29002000 34003200 2E003300  e...P.a. r.i.s... (.1.). . 4.2...3.
  0E20  34002E00 32003200 2E003600 3600D10A 00500045 00520049 00430032 00500065  4...2.2. ..6.6... .P.E.R.I.C.2.P.e
  0E40  00720069 0063006C 00650073 00200043 006F006D 00690064 00610073 00200063  .r.i.c.l.e.s. .C.o.m.i.d.a.s. .c
  0E60  006C00E1 00730069 00630061 00730026 00470075 0069006C 006C0065 0072006D  .l...s.i.c.a.s.&.G.u.i.l.l.e.r.m
  0E80  006F0020 00460065 0072006E 00E1006E 00640065 007A0028 00530061 006C0065  .o. .F.e.r.n...n.d.e.z.(.S.a.l.e
  0EA0  00730020 00520065 00700072 00650073 0065006E 00740061 00740069 00760065  .s. .R.e.p.r.e.s.e.n.t.a.t.i.v.e
  0EC0  00300043 0061006C 006C0065 00200044 0072002E 0020004A 006F0072 00670065  .0.C.a.l.l.e. .D.r... .J.o.r.g.e
  0EE0  00200043 00610073 00680020 00330032 00310016 004D00E9 00780069 0063006F  . .C.a.s.h. .3.2.1...M.. .x.i.c.o
  0F00  00200044 002E0046 002E0018 00280035 00290020 00350035 0032002D 00330037  . .D...F.....(.5.). .5.5.2.-.3.7
  0F20  00340035 00D10A00 50004900 43004300 4F002000 50006900 63006300 6F006C00  .4.5.... P.I.C.C. O. .P.i. c.c.o.l.
  0F40  6F002000 75006E00 64002000 6D006500 68007200 16004700 65006F00 72006700  o. .u.n. d. .m.e. h.r...G. e.o.r.g.
  0F60  20005000 69007000 70007300 1A005300 61006C00 65007300 20004D00 61006E00   .P.i.p. p.s...S. a.l.e.s.  .M.a.n.
  0F80  61006700 65007200 16004700 65006900 73006C00 77006500 67002000 31003400  a.g.e.r. ..G.e.i. s.l.w.e. g. .1.4.
  0FA0  10005300 61006C00 7A006200 75007200 67001200 36003500 36003200 2D003900  ..S.a.l. z.b.u.r. g...6.5. 6.2.-.9.
  0FC0  37003200 3200D10A 00500052 0049004E 0049002C 00500072 0069006E 00630065  7.2.2... .P.R.I.N.I.,.P.r.i.n.c.e
  0FE0  00730061 00200049 00730061 00620065 006C0020 00560069   .s.a. .I.s.a.b.e.l. .V.i

Received
  type:0x04(TABULAR_RESULT), status:0x00(), length:0x1000, spid:0x0033, packetId:0x04, window:0x00
  0000  006E0068 006F0073 00200049 00730061 00620065 006C0020 00640065 00200043  .n.h.o.s. .I.s.a.b.e.l. .d.e. .C
  0020  00610073 00740072 006F0028 00530061 006C0065 00730020 00520065 00700072  .a.s.t.r.o.(.S.a.l.e.s. .R.e.p.r
  0040  00650073 0065006E 00740061 00740069 00760065 002C0045 00730074 00720061  .e.s.e.n.t.a.t.i.v.e.,.E.s.t.r.a
  0060  00640061 00200064 00610020 00730061 00FA0064 00650020 006E002E 00200035  .d.a. .d.a. .s.a...d.e. .n... .5
  0080  0038000C 004C0069 00730062 006F0061 00180028 00310029 00200033 00350036  .8...L.i.s.b.o.a...(.1.). .3.5.6
  00A0  002D0035 00360033 003400D1 0A005100 55004500 44004500 16005100 75006500  .-.5.6.3.4....Q. U.E.D.E. ..Q.u.e.
  00C0  20004400 65006C00 ED006300 69006100 20004200 65007200 6E006100 72006400   .D.e.l. ..c.i.a.  .B.e.r. n.a.r.d.
  00E0  6F002000 42006100 74006900 73007400 61002400 41006300 63006F00 75006E00  o. .B.a. t.i.s.t. a.$.A.c. c.o.u.n.
  0100  74006900 6E006700 20004D00 61006E00 61006700 65007200 2E005200 75006100  t.i.n.g.  .M.a.n. a.g.e.r. ..R.u.a.
  0120  20006400 61002000 50006100 6E006900 66006900 63006100 64006F00 72006100   .d.a. . P.a.n.i. f.i.c.a. d.o.r.a.
  0140  2C002000 31003200 1C005200 69006F00 20006400 65002000 4A006100 6E006500  ,. .1.2. ..R.i.o.  .d.e. . J.a.n.e.
  0160  69007200 6F001A00 28003200 31002900 20003500 35003500 2D003400 32003500  i.r.o... (.2.1.).  .5.5.5. -.4.2.5.
  0180  3200D10A 00510055 00450045 004E001A 00510075 00650065 006E0020 0043006F  2....Q.U.E.E.N.. .Q.u.e.e.n. .C.o
  01A0  007A0069 006E0068 0061001C 004C00FA 00630069 00610020 00430061 00720076  .z.i.n.h.a...L.. .c.i.a. .C.a.r.v
  01C0  0061006C 0068006F 0026004D 00610072 006B0065 00740069 006E0067 00200041  .a.l.h.o.&.M.a.r.k.e.t.i.n.g. .A
  01E0  00730073 00690073 00740061 006E0074 00320041 006C0061 006D0065 00640061  .s.s.i.s.t.a.n.t.2.A.l.a.m.e.d.a
  0200  00200064 006F0073 00200043 0061006E 00E00072 0069006F 0073002C 00200038  . .d.o.s. .C.a.n...r.i.o.s.,. .8
  0220  00390031 00120053 0061006F 00200050 00610075 006C006F 001A0028 00310031  .9.1...S.a.o. .P.a.u.l.o...(.1.1
  0240  00290020 00350035 0035002D 00310031 00380039 00D10A00 51005500 49004300  .). .5.5.5.-.1.1.8.9.... Q.U.I.C.
  0260  4B001400 51005500 49004300 4B002D00 53007400 6F007000 16004800 6F007200  K...Q.U. I.C.K.-. S.t.o.p. ..H.o.r.
  0280  73007400 20004B00 6C006F00 73007300 24004100 63006300 6F007500 6E007400  s.t. .K. l.o.s.s. $.A.c.c. o.u.n.t.
  02A0  69006E00 67002000 4D006100 6E006100 67006500 72002000 54006100 75006300  i.n.g. . M.a.n.a. g.e.r. . T.a.u.c.
  02C0  68006500 72007300 74007200 6100DF00 65002000 31003000 12004300 75006E00  h.e.r.s. t.r.a... e. .1.0. ..C.u.n.
  02E0  65007700 61006C00 64006500 16003000 33003700 32002D00 30003300 35003100  e.w.a.l. d.e...0. 3.7.2.-. 0.3.5.1.
  0300  38003800 D10A0052 0041004E 00430048 001A0052 0061006E 00630068 006F0020  8.8....R.A.N.C.H...R.a.n.c.h.o. 
  0320  00670072 0061006E 00640065 00200053 00650072 00670069 006F0020 00470075  .g.r.a.n.d.e. .S.e.r.g.i.o. .G.u
  0340  00740069 00E90072 00720065 007A0028 00530061 006C0065 00730020 00520065  .t.i...r.r.e.z.(.S.a.l.e.s. .R.e
  0360  00700072 00650073 0065006E 00740061 00740069 00760065 002C0041 0076002E  .p.r.e.s.e.n.t.a.t.i.v.e.,.A.v..
  0380  00200064 0065006C 0020004C 00690062 00650072 00740061 0064006F 00720020  . .d.e.l. .L.i.b.e.r.t.a.d.o.r. 
  03A0  00390030 00300018 00420075 0065006E 006F0073 00200041 00690072 00650073  .9.0.0.. .B.u.e.n.o.s. .A.i.r.e.s
  03C0  00180028 00310029 00200031 00320033 002D0035 00350035 003500D1 0A005200  ...(.1.). .1.2.3.-.5.5.5.5....R.
  03E0  41005400 54004300 34005200 61007400 74006C00 65007300 6E006100 6B006500  A.T.T.C. 4.R.a.t. t.l.e.s. n.a.k.e.
  0400  20004300 61006E00 79006F00 6E002000 47007200 6F006300 65007200 79001800   .C.a.n. y.o.n. . G.r.o.c. e.r.y...
  0420  50006100 75006C00 61002000 57006900 6C007300 6F006E00 3C004100 73007300  P.a.u.l. a. .W.i. l.s.o.n. <.A.s.s.
  0440  69007300 74006100 6E007400 20005300 61006C00 65007300 20005200 65007000  i.s.t.a. n.t. .S. a.l.e.s.  .R.e.p.
  0460  72006500 73006500 6E007400 61007400 69007600 65001E00 32003800 31003700  r.e.s.e. n.t.a.t. i.v.e... 2.8.1.7.
  0480  20004D00 69006C00 74006F00 6E002000 44007200 2E001600 41006C00 62007500   .M.i.l. t.o.n. . D.r..... A.l.b.u.
  04A0  71007500 65007200 71007500 65001C00 28003500 30003500 29002000 35003500  q.u.e.r. q.u.e... (.5.0.5. ). .5.5.
  04C0  35002D00 35003900 33003900 D10A0052 00450047 00470043 00240052 00650067  5.-.5.9. 3.9....R.E.G.G.C.$.R.e.g
  04E0  00670069 0061006E 00690020 00430061 00730065 00690066 00690063 0069001E  .g.i.a.n.i. .C.a.s.e.i.f.i.c.i..
  0500  004D0061 00750072 0069007A 0069006F 0020004D 006F0072 006F006E 0069001E  .M.a.u.r.i.z.i.o. .M.o.r.o.n.i..
  0520  00530061 006C0065 00730020 00410073 0073006F 00630069 00610074 0065002C  .S.a.l.e.s. .A.s.s.o.c.i.a.t.e.,
  0540  00530074 00720061 00640061 00200050 0072006F 00760069 006E0063 00690061  .S.t.r.a.d.a. .P.r.o.v.i.n.c.i.a
  0560  006C0065 00200031 00320034 001A0052 00650067 00670069 006F0020 0045006D  .l.e. .1.2.4...R.e.g.g.i.o. .E.m
  0580  0069006C 00690061 00160030 00350032 0032002D 00350035 00360037 00320031  .i.l.i.a...0.5.2.2.-.5.5.6.7.2.1
  05A0  00D10A00 52004900 43004100 52002400 52006900 63006100 72006400 6F002000  ....R.I. C.A.R.$. R.i.c.a. r.d.o. .
  05C0  41006400 6F006300 69006300 61006400 6F007300 1C004A00 61006E00 65007400  A.d.o.c. i.c.a.d. o.s...J. a.n.e.t.
  05E0  65002000 4C006900 6D006500 69007200 61002A00 41007300 73006900 73007400  e. .L.i. m.e.i.r. a.*.A.s. s.i.s.t.
  0600  61006E00 74002000 53006100 6C006500 73002000 41006700 65006E00 74002600  a.n.t. . S.a.l.e. s. .A.g. e.n.t.&.
  0620  41007600 2E002000 43006F00 70006100 63006100 62006100 6E006100 2C002000  A.v... . C.o.p.a. c.a.b.a. n.a.,. .
  0640  32003600 37001C00 52006900 6F002000 64006500 20004A00 61006E00 65006900  2.6.7... R.i.o. . d.e. .J. a.n.e.i.
  0660  72006F00 1A002800 32003100 29002000 35003500 35002D00 33003400 31003200  r.o...(. 2.1.). . 5.5.5.-. 3.4.1.2.
  0680  D10A0052 00490043 00530055 00240052 00690063 00680074 00650072 00200053  ...R.I.C.S.U.$.R.i.c.h.t.e.r. .S
  06A0  00750070 00650072 006D0061 0072006B 00740018 004D0069 00630068 00610065  .u.p.e.r.m.a.r.k.t...M.i.c.h.a.e
  06C0  006C0020 0048006F 006C007A 001A0053 0061006C 00650073 0020004D 0061006E  .l. .H.o.l.z...S.a.l.e.s. .M.a.n
  06E0  00610067 00650072 00220047 00720065 006E007A 00610063 00680065 00720077  .a.g.e.r.".G.r.e.n.z.a.c.h.e.r.w
  0700  00650067 00200032 00330037 000C0047 0065006E 00E80076 00650016 00300038  .e.g. .2.3.7...G.e.n...v.e...0.8
  0720  00390037 002D0030 00330034 00320031 003400D1 0A005200 4F004D00 45005900  .9.7.-.0.3.4.2.1.4....R. O.M.E.Y.
  0740  20005200 6F006D00 65007200 6F002000 79002000 74006F00 6D006900 6C006C00   .R.o.m. e.r.o. . y. .t.o. m.i.l.l.
  0760  6F002000 41006C00 65006A00 61006E00 64007200 61002000 43006100 6D006900  o. .A.l. e.j.a.n. d.r.a. . C.a.m.i.
  0780  6E006F00 24004100 63006300 6F007500 6E007400 69006E00 67002000 4D006100  n.o.$.A. c.c.o.u. n.t.i.n. g. .M.a.
  07A0  6E006100 67006500 72001600 47007200 61006E00 20005600 ED006100 2C002000  n.a.g.e. r...G.r. a.n. .V. ..a.,. .
  07C0  31000C00 4D006100 64007200 69006400 1A002800 39003100 29002000 37003400  1...M.a. d.r.i.d. ..(.9.1. ). .7.4.
  07E0  35002000 36003200 30003000 D10A0053 0041004E 00540047 001A0053 0061006E  5. .6.2. 0.0....S.A.N.T.G...S.a.n
  0800  007400E9 00200047 006F0075 0072006D 00650074 0020004A 006F006E 00610073  .t... .G.o.u.r.m.e.t. .J.o.n.a.s
  0820  00200042 00650072 00670075 006C0066 00730065 006E000A 004F0077 006E0065  . .B.e.r.g.u.l.f.s.e.n.. .O.w.n.e
  0840  0072002C 00450072 006C0069 006E0067 00200053 006B0061 006B006B 00650073  .r.,.E.r.l.i.n.g. .S.k.a.k.k.e.s
  0860  00200067 00610074 00650020 00370038 000E0053 00740061 00760065 0072006E  . .g.a.t.e. .7.8...S.t.a.v.e.r.n
  0880  00160030 0037002D 00390038 00200039 00320020 00330035 00D10A00 53004100  ...0.7.-.9.8. .9.2. .3.5....S.A.
  08A0  56004500 41002400 53006100 76006500 2D006100 2D006C00 6F007400 20004D00  V.E.A.$. S.a.v.e. -.a.-.l. o.t. .M.
  08C0  61007200 6B006500 74007300 1C004A00 6F007300 65002000 50006100 76006100  a.r.k.e. t.s...J. o.s.e. . P.a.v.a.
  08E0  72006F00 74007400 69002800 53006100 6C006500 73002000 52006500 70007200  r.o.t.t. i.(.S.a. l.e.s. . R.e.p.r.
  0900  65007300 65006E00 74006100 74006900 76006500 1E003100 38003700 20005300  e.s.e.n. t.a.t.i. v.e...1. 8.7. .S.
  0920  75006600 66006F00 6C006B00 20004C00 6E002E00 0A004200 6F006900 73006500  u.f.f.o. l.k. .L. n.....B. o.i.s.e.
  0940  1C002800 32003000 38002900 20003500 35003500 2D003800 30003900 3700D10A  ..(.2.0. 8.). .5. 5.5.-.8. 0.9.7...
  0960  00530045 00560045 00530024 00530065 00760065 006E0020 00530065 00610073  .S.E.V.E.S.$.S.e.v.e.n. .S.e.a.s
  0980  00200049 006D0070 006F0072 00740073 00140048 00610072 00690020 004B0075  . .I.m.p.o.r.t.s...H.a.r.i. .K.u
  09A0  006D0061 0072001A 00530061 006C0065 00730020 004D0061 006E0061 00670065  .m.a.r.. .S.a.l.e.s. .M.a.n.a.g.e
  09C0  0072001E 00390030 00200057 00610064 00680075 00720073 00740020 00520064  .r...9.0. .W.a.d.h.u.r.s.t. .R.d
  09E0  002E000C 004C006F 006E0064 006F006E 001C0028 00310037 00310029 00200035  .....L.o.n.d.o.n...(.1.7.1.). .5
  0A00  00350035 002D0031 00370031 003700D1 0A005300 49004D00 4F004200 1A005300  .5.5.-.1.7.1.7.. ..S.I.M. O.B...S.
  0A20  69006D00 6F006E00 73002000 62006900 73007400 72006F00 1C004A00 79007400  i.m.o.n. s. .b.i. s.t.r.o. ..J.y.t.
  0A40  74006500 20005000 65007400 65007200 73006500 6E000A00 4F007700 6E006500  t.e. .P. e.t.e.r. s.e.n... O.w.n.e.
  0A60  72001800 56006900 6E006200 E6006C00 74006500 74002000 33003400 12004B00  r...V.i. n.b...l. t.e.t. . 3.4...K.
  0A80  6F006200 65006E00 68006100 76006E00 16003300 31002000 31003200 20003300  o.b.e.n. h.a.v.n. ..3.1. . 1.2. .3.
  0AA0  34002000 35003600 D10A0053 00500045 00430044 00280053 007000E9 00630069  4. .5.6. ...S.P.E.C.D.(.S.p...c.i
  0AC0  0061006C 00690074 00E90073 00200064 00750020 006D006F 006E0064 00650022  .a.l.i.t...s. .d.u. .m.o.n.d.e."
  0AE0  0044006F 006D0069 006E0069 00710075 00650020 00500065 00720072 00690065  .D.o.m.i.n.i.q.u.e. .P.e.r.r.i.e
  0B00  00720022 004D0061 0072006B 00650074 0069006E 00670020 004D0061 006E0061  .r.".M.a.r.k.e.t.i.n.g. .M.a.n.a
  0B20  00670065 00720022 00320035 002C0020 00720075 00650020 004C0061 00750072  .g.e.r.".2.5.,. .r.u.e. .L.a.u.r
  0B40  00690073 0074006F 006E000A 00500061 00720069 0073001E 00280031 00290020  .i.s.t.o.n...P.a.r.i.s.. .(.1.). 
  0B60  00340037 002E0035 0035002E 00360030 002E0031 003000D1 0A005300 50004C00  .4.7...5.5...6.0...1.0.. ..S.P.L.
  0B80  49005200 2A005300 70006C00 69007400 20005200 61006900 6C002000 42006500  I.R.*.S. p.l.i.t.  .R.a.i. l. .B.e.
  0BA0  65007200 20002600 20004100 6C006500 24004100 72007400 20004200 72006100  e.r. .&.  .A.l.e. $.A.r.t.  .B.r.a.
  0BC0  75006E00 73006300 68007700 65006900 67006500 72001A00 53006100 6C006500  u.n.s.c. h.w.e.i. g.e.r... S.a.l.e.
  0BE0  73002000 4D006100 6E006100 67006500 72001800 50002E00 4F002E00 20004200  s. .M.a. n.a.g.e. r...P... O... .B.
  0C00  6F007800 20003500 35003500 0C004C00 61006E00 64006500 72001C00 28003300  o.x. .5. 5.5...L. a.n.d.e. r...(.3.
  0C20  30003700 29002000 35003500 35002D00 34003600 38003000 D10A0053 00550050  0.7.). . 5.5.5.-. 4.6.8.0. ...S.U.P
  0C40  00520044 00200053 00750070 007200EA 006D0065 00730020 006400E9 006C0069  .R.D. .S.u.p.r.. .m.e.s. .d...l.i
  0C60  00630065 00730020 00500061 00730063 0061006C 00650020 00430061 00720074  .c.e.s. .P.a.s.c.a.l.e. .C.a.r.t
  0C80  00720061 0069006E 00240041 00630063 006F0075 006E0074 0069006E 00670020  .r.a.i.n.$.A.c.c.o.u.n.t.i.n.g. 
  0CA0  004D0061 006E0061 00670065 00720028 0042006F 0075006C 00650076 00610072  .M.a.n.a.g.e.r.(.B.o.u.l.e.v.a.r
  0CC0  00640020 00540069 0072006F 0075002C 00200032 00350035 00120043 00680061  .d. .T.i.r.o.u.,. .2.5.5...C.h.a
  0CE0  0072006C 00650072 006F0069 00220028 00300037 00310029 00200032 00330020  .r.l.e.r.o.i.".(.0.7.1.). .2.3. 
  0D00  00360037 00200032 00320020 00320030 00D10A00 54004800 45004200 49001C00  .6.7. .2.2. .2.0....T.H. E.B.I...
  0D20  54006800 65002000 42006900 67002000 43006800 65006500 73006500 12004C00  T.h.e. . B.i.g. . C.h.e.e. s.e...L.
  0D40  69007A00 20004E00 69007800 6F006E00 22004D00 61007200 6B006500 74006900  i.z. .N. i.x.o.n. ".M.a.r. k.e.t.i.
  0D60  6E006700 20004D00 61006E00 61006700 65007200 30003800 39002000 4A006500  n.g. .M. a.n.a.g. e.r.0.8. 9. .J.e.
  0D80  66006600 65007200 73006F00 6E002000 57006100 79002000 53007500 69007400  f.f.e.r. s.o.n. . W.a.y. . S.u.i.t.
  0DA0  65002000 32001000 50006F00 72007400 6C006100 6E006400 1C002800 35003000  e. .2... P.o.r.t. l.a.n.d. ..(.5.0.
  0DC0  33002900 20003500 35003500 2D003300 36003100 3200D10A 00540048 00450043  3.). .5. 5.5.-.3. 6.1.2... .T.H.E.C
  0DE0  0052001E 00540068 00650020 00430072 00610063 006B0065 00720020 0042006F  .R...T.h.e. .C.r.a.c.k.e.r. .B.o
  0E00  00780010 004C0069 00750020 0057006F 006E0067 0026004D 00610072 006B0065  .x...L.i.u. .W.o.n.g.&.M.a.r.k.e
  0E20  00740069 006E0067 00200041 00730073 00690073 00740061 006E0074 00260035  .t.i.n.g. .A.s.s.i.s.t.a.n.t.&.5
  0E40  00350020 00470072 0069007A 007A006C 00790020 00500065 0061006B 00200052  .5. .G.r.i.z.z.l.y. .P.e.a.k. .R
  0E60  0064002E 000A0042 00750074 00740065 001C0028 00340030 00360029 00200035  .d.....B.u.t.t.e...(.4.0.6.). .5
  0E80  00350035 002D0035 00380033 003400D1 0A005400 4F004D00 53005000 24005400  .5.5.-.5.8.3.4.. ..T.O.M. S.P.$.T.
  0EA0  6F006D00 73002000 53007000 65007A00 69006100 6C006900 7400E400 74006500  o.m.s. . S.p.e.z. i.a.l.i. t...t.e.
  0EC0  6E001A00 4B006100 72006900 6E002000 4A006F00 73006500 70006800 73002200  n...K.a. r.i.n. . J.o.s.e. p.h.s.".
  0EE0  4D006100 72006B00 65007400 69006E00 67002000 4D006100 6E006100 67006500  M.a.r.k. e.t.i.n. g. .M.a. n.a.g.e.
  0F00  72001A00 4C007500 69007300 65006E00 73007400 72002E00 20003400 38000E00  r...L.u. i.s.e.n. s.t.r...  .4.8...
  0F20  4D00FC00 6E007300 74006500 72001600 30003200 35003100 2D003000 33003100  M...n.s. t.e.r... 0.2.5.1. -.0.3.1.
  0F40  32003500 3900D10A 0054004F 00520054 00550026 0054006F 00720074 00750067  2.5.9... .T.O.R.T.U.&.T.o.r.t.u.g
  0F60  00610020 00520065 00730074 00610075 00720061 006E0074 00650028 004D0069  .a. .R.e.s.t.a.u.r.a.n.t.e.(.M.i
  0F80  00670075 0065006C 00200041 006E0067 0065006C 00200050 0061006F 006C0069  .g.u.e.l. .A.n.g.e.l. .P.a.o.l.i
  0FA0  006E006F 000A004F 0077006E 00650072 00200041 00760064 0061002E 00200041  .n.o...O.w.n.e.r. .A.v.d.a... .A
  0FC0  007A0074 00650063 00610020 00310032 00330016 004D00E9 00780069 0063006F  .z.t.e.c.a. .1.2.3...M.. .x.i.c.o
  0FE0  00200044 002E0046 002E0018 00280035 00290020 00350035   . .D...F.....(.5.). .5.5

Received
  type:0x04(TABULAR_RESULT), status:0x01(EOM), length:0x093E, spid:0x0033, packetId:0x05, window:0x00
  0000  0035002D 00320039 00330033 00D10A00 54005200 41004400 48002C00 54007200  .5.-.2.9.3.3.... T.R.A.D. H.,.T.r.
  0020  61006400 6900E700 E3006F00 20004800 69007000 65007200 6D006500 72006300  a.d.i... ..o. .H. i.p.e.r. m.e.r.c.
  0040  61006400 6F007300 22004100 6E006100 62006500 6C006100 20004400 6F006D00  a.d.o.s. ".A.n.a. b.e.l.a.  .D.o.m.
  0060  69006E00 67007500 65007300 28005300 61006C00 65007300 20005200 65007000  i.n.g.u. e.s.(.S. a.l.e.s.  .R.e.p.
  0080  72006500 73006500 6E007400 61007400 69007600 65002E00 41007600 2E002000  r.e.s.e. n.t.a.t. i.v.e... A.v... .
  00A0  49006E00 EA007300 20006400 65002000 43006100 73007400 72006F00 2C002000  I.n...s.  .d.e. . C.a.s.t. r.o.,. .
  00C0  34003100 34001200 53006100 6F002000 50006100 75006C00 6F001A00 28003100  4.1.4... S.a.o. . P.a.u.l. o...(.1.
  00E0  31002900 20003500 35003500 2D003200 31003600 3700D10A 00540052 00410049  1.). .5. 5.5.-.2. 1.6.7... .T.R.A.I
  0100  00480042 00540072 00610069 006C0027 00730020 00480065 00610064 00200047  .H.B.T.r.a.i.l.'.s. .H.e.a.d. .G
  0120  006F0075 0072006D 00650074 00200050 0072006F 00760069 00730069 006F006E  .o.u.r.m.e.t. .P.r.o.v.i.s.i.o.n
  0140  00650072 0073001C 00480065 006C0076 00650074 00690075 00730020 004E0061  .e.r.s.. .H.e.l.v.e.t.i.u.s. .N.a
  0160  00670079 001E0053 0061006C 00650073 00200041 00730073 006F0063 00690061  .g.y...S.a.l.e.s. .A.s.s.o.c.i.a
  0180  00740065 00220037 00320032 00200044 00610056 0069006E 00630069 00200042  .t.e.".7.2.2. .D.a.V.i.n.c.i. .B
  01A0  006C0076 0064002E 0010004B 00690072 006B006C 0061006E 0064001C 00280032  .l.v.d.....K.i.r.k.l.a.n.d...(.2
  01C0  00300036 00290020 00350035 0035002D 00380032 00350037 00D10A00 56004100  .0.6.). .5.5.5.-.8.2.5.7....V.A.
  01E0  46004600 45001800 56006100 66006600 65006C00 6A006500 72006E00 65007400  F.F.E... V.a.f.f. e.l.j.e. r.n.e.t.
  0200  16005000 61006C00 6C006500 20004900 62007300 65006E00 1A005300 61006C00  ..P.a.l. l.e. .I. b.s.e.n. ..S.a.l.
  0220  65007300 20004D00 61006E00 61006700 65007200 1A005300 6D006100 67007300  e.s. .M. a.n.a.g. e.r...S. m.a.g.s.
  0240  6C006F00 67006500 74002000 34003500 0A00C500 72006800 75007300 16003800  l.o.g.e. t. .4.5. ....r.h. u.s...8.
  0260  36002000 32003100 20003300 32002000 34003300 D10A0056 00490043 00540045  6. .2.1.  .3.2. . 4.3....V.I.C.T.E
  0280  00280056 00690063 00740075 00610069 006C006C 00650073 00200065 006E0020  .(.V.i.c.t.u.a.i.l.l.e.s. .e.n. 
  02A0  00730074 006F0063 006B0018 004D0061 00720079 00200053 00610076 0065006C  .s.t.o.c.k...M.a.r.y. .S.a.v.e.l
  02C0  00650079 00160053 0061006C 00650073 00200041 00670065 006E0074 00240032  .e.y...S.a.l.e.s. .A.g.e.n.t.$.2
  02E0  002C0020 00720075 00650020 00640075 00200043 006F006D 006D0065 00720063  .,. .r.u.e. .d.u. .C.o.m.m.e.r.c
  0300  00650008 004C0079 006F006E 00160037 0038002E 00330032 002E0035 0034002E  .e...L.y.o.n...7.8...3.2...5.4..
  0320  00380036 00D10A00 56004900 4E004500 54003200 56006900 6E007300 20006500  .8.6.... V.I.N.E. T.2.V.i. n.s. .e.
  0340  74002000 61006C00 63006F00 6F006C00 73002000 43006800 65007600 61006C00  t. .a.l. c.o.o.l. s. .C.h. e.v.a.l.
  0360  69006500 72001800 50006100 75006C00 20004800 65006E00 72006900 6F007400  i.e.r... P.a.u.l.  .H.e.n. r.i.o.t.
  0380  24004100 63006300 6F007500 6E007400 69006E00 67002000 4D006100 6E006100  $.A.c.c. o.u.n.t. i.n.g. . M.a.n.a.
  03A0  67006500 72002400 35003900 20007200 75006500 20006400 65002000 6C002700  g.e.r.$. 5.9. .r. u.e. .d. e. .l.'.
  03C0  41006200 62006100 79006500 0A005200 65006900 6D007300 16003200 36002E00  A.b.b.a. y.e...R. e.i.m.s. ..2.6...
  03E0  34003700 2E003100 35002E00 31003000 D10A0057 0041004E 0044004B 00220044  4.7...1. 5...1.0. ...W.A.N.D.K.".D
  0400  00690065 00200057 0061006E 00640065 0072006E 00640065 0020004B 00750068  .i.e. .W.a.n.d.e.r.n.d.e. .K.u.h
  0420  00160052 00690074 00610020 004D00FC 006C006C 00650072 00280053 0061006C  ...R.i.t.a. .M.. .l.l.e.r.(.S.a.l
  0440  00650073 00200052 00650070 00720065 00730065 006E0074 00610074 00690076  .e.s. .R.e.p.r.e.s.e.n.t.a.t.i.v
  0460  00650022 00410064 0065006E 00610075 00650072 0061006C 006C0065 00650020  .e.".A.d.e.n.a.u.e.r.a.l.l.e.e. 
  0480  00390030 00300012 00530074 00750074 00740067 00610072 00740016 00300037  .9.0.0.. .S.t.u.t.t.g.a.r.t...0.7
  04A0  00310031 002D0030 00320030 00330036 003100D1 0A005700 41005200 54004800  .1.1.-.0.2.0.3.6.1....W. A.R.T.H.
  04C0  1C005700 61007200 74006900 61006E00 20004800 65007200 6B006B00 75002000  ..W.a.r. t.i.a.n.  .H.e.r. k.k.u. .
  04E0  50006900 72006B00 6B006F00 20004B00 6F007300 6B006900 74006100 6C006F00  P.i.r.k. k.o. .K. o.s.k.i. t.a.l.o.
  0500  24004100 63006300 6F007500 6E007400 69006E00 67002000 4D006100 6E006100  $.A.c.c. o.u.n.t. i.n.g. . M.a.n.a.
  0520  67006500 72001600 54006F00 72006900 6B006100 74007500 20003300 38000800  g.e.r... T.o.r.i. k.a.t.u.  .3.8...
  0540  4F007500 6C007500 14003900 38003100 2D003400 34003300 36003500 3500D10A  O.u.l.u. ..9.8.1. -.4.4.3. 6.5.5...
  0560  00570045 004C004C 0049002C 00570065 006C006C 0069006E 00670074 006F006E  .W.E.L.L.I.,.W.e.l.l.i.n.g.t.o.n
  0580  00200049 006D0070 006F0072 00740061 0064006F 00720061 001A0050 00610075  . .I.m.p.o.r.t.a.d.o.r.a...P.a.u
  05A0  006C0061 00200050 00610072 0065006E 00740065 001A0053 0061006C 00650073  .l.a. .P.a.r.e.n.t.e...S.a.l.e.s
  05C0  0020004D 0061006E 00610067 00650072 00240052 00750061 00200064 006F0020  . .M.a.n.a.g.e.r.$.R.u.a. .d.o. 
  05E0  004D0065 00720063 00610064 006F002C 00200031 0032000E 00520065 00730065  .M.e.r.c.a.d.o.,. .1.2.. .R.e.s.e
  0600  006E0064 0065001A 00280031 00340029 00200035 00350035 002D0038 00310032  .n.d.e.. .(.1.4.). .5.5.5.-.8.1.2
  0620  003200D1 0A005700 48004900 54004300 28005700 68006900 74006500 20004300  .2....W. H.I.T.C. (.W.h.i. t.e. .C.
  0640  6C006F00 76006500 72002000 4D006100 72006B00 65007400 73001C00 4B006100  l.o.v.e. r. .M.a. r.k.e.t. s...K.a.
  0660  72006C00 20004A00 61006200 6C006F00 6E007300 6B006900 0A004F00 77006E00  r.l. .J. a.b.l.o. n.s.k.i. ..O.w.n.
  0680  65007200 36003300 30003500 20002D00 20003100 34007400 68002000 41007600  e.r.6.3. 0.5. .-.  .1.4.t. h. .A.v.
  06A0  65002E00 20005300 2E002000 53007500 69007400 65002000 33004200 0E005300  e... .S. .. .S.u. i.t.e. . 3.B...S.
  06C0  65006100 74007400 6C006500 1C002800 32003000 36002900 20003500 35003500  e.a.t.t. l.e...(. 2.0.6.).  .5.5.5.
  06E0  2D003400 31003100 3200D10A 00570049 004C004D 004B0016 00570069 006C006D  -.4.1.1. 2....W.I.L.M.K.. .W.i.l.m
  0700  0061006E 0020004B 0061006C 0061001E 004D0061 00740074 00690020 004B0061  .a.n. .K.a.l.a.. .M.a.t.t.i. .K.a
  0720  00720074 00740075 006E0065 006E0032 004F0077 006E0065 0072002F 004D0061  .r.t.t.u.n.e.n.2.O.w.n.e.r./.M.a
  0740  0072006B 00650074 0069006E 00670020 00410073 00730069 00730074 0061006E  .r.k.e.t.i.n.g. .A.s.s.i.s.t.a.n
  0760  0074001A 004B0065 0073006B 00750073 006B0061 00740075 00200034 00350010  .t...K.e.s.k.u.s.k.a.t.u. .4.5..
  0780  00480065 006C0073 0069006E 006B0069 00160039 0030002D 00320032 00340020  .H.e.l.s.i.n.k.i...9.0.-.2.2.4. 
  07A0  00380038 00350038 00D10A00 57004F00 4C005A00 41001C00 57006F00 6C007300  .8.8.5.8....W.O. L.Z.A... W.o.l.s.
  07C0  6B006900 20002000 5A006100 6A006100 7A006400 2E005A00 62007900 73007A00  k.i. . . Z.a.j.a. z.d...Z. b.y.s.z.
  07E0  65006B00 20005000 69006500 73007400 72007A00 65006E00 69006500 77006900  e.k. .P. i.e.s.t. r.z.e.n. i.e.w.i.
  0800  63007A00 0A004F00 77006E00 65007200 1E007500 6C002E00 20004600 69006C00  c.z...O. w.n.e.r. ..u.l...  .F.i.l.
  0820  74007200 6F007700 61002000 36003800 10005700 61007200 73007A00 61007700  t.r.o.w. a. .6.8. ..W.a.r. s.z.a.w.
  0840  61001A00 28003200 36002900 20003600 34003200 2D003700 30003100 3200D10A  a...(.2. 6.). .6. 4.2.-.7. 0.1.2...
  0860  005A0041 00420049 00440018 0053006F 006D0065 00200043 006F006D 00700061  .Z.A.B.I.D...S.o.m.e. .C.o.m.p.a
  0880  006E0079 00260053 00790065 00640020 005A0061 0069006E 0075006C 00200041  .n.y.&.S.y.e.d. .Z.a.i.n.u.l. .A
  08A0  00620069 00640064 0069006E 001C0053 006F006D 00650020 00540069 0074006C  .b.i.d.d.i.n...S.o.m.e. .T.i.t.l
  08C0  00650020 006D006F 00640020 00330033 00310034 00200057 0065006C 006C0073  .e. .m.o.d. .3.3.1.4. .W.e.l.l.s
  08E0  00200044 00720069 00760065 000C0050 00610072 006C0069 006E001A 00280033  . .D.r.i.v.e...P.a.r.l.i.n...(.3
  0900  00340037 00290036 00380033 002D0037 00340034 003500FF 1100C100 5D000000  .4.7.).6.8.3.-.7.4.4.5.. ....]...
  0920  00000000 79000000 00FE0000 E0000000 00000000 0000  ....y... ........ ......
State change: SentClientRequest -> LoggedIn
State change: LoggedIn -> Final
connection to L-AI419547:undefined closed
State is already Final
